TN:
SF:/mnt/c/Users/saatv/OneDrive/Desktop/Projects/cpp/main.cpp
FN:11,11,_ZN9TicTacToeC2Ev
FN:113,128,_ZN8MCTSNode6expandEv
FN:13,16,_ZN9TicTacToe5resetEv
FN:130,136,_ZN8MCTSNode13backpropagateEi
FN:138,149,_ZN8MCTSNode10best_childEv
FN:161,161,_ZN4MCTSC2E9TicTacToe
FN:163,176,_ZN4MCTS3runEi
FN:178,180,_ZN4MCTS9best_moveEv
FN:18,25,_ZNK9TicTacToe7is_drawEv
FN:183,210,_ZN4MCTS8simulateE9TicTacToe
FN:215,244,main
FN:27,35,_ZNK9TicTacToe6is_winEi
FN:37,39,_ZNK9TicTacToe12is_game_overEv
FN:41,48,_ZN9TicTacToe9make_moveEii
FN:50,59,_ZNK9TicTacToe11print_boardEv
FN:61,63,_ZNK9TicTacToe9get_boardEv
FN:78,83,_ZN3NetC2Elll
FN:96,97,_ZN8MCTSNodeC2ESt10shared_ptrIS_E9TicTacToe
FN:99,111,_ZN8MCTSNode6selectEv
FNDA:1,_ZN9TicTacToeC2Ev
FNDA:24599,_ZN8MCTSNode6expandEv
FNDA:10,_ZN9TicTacToe5resetEv
FNDA:318373,_ZN8MCTSNode13backpropagateEi
FNDA:73,_ZN8MCTSNode10best_childEv
FNDA:73,_ZN4MCTSC2E9TicTacToe
FNDA:73,_ZN4MCTS3runEi
FNDA:73,_ZN4MCTS9best_moveEv
FNDA:110462,_ZNK9TicTacToe7is_drawEv
FNDA:73000,_ZN4MCTS8simulateE9TicTacToe
FNDA:1,main
FNDA:473098,_ZNK9TicTacToe6is_winEi
FNDA:226782,_ZNK9TicTacToe12is_game_overEv
FNDA:164332,_ZN9TicTacToe9make_moveEii
FNDA:73,_ZNK9TicTacToe11print_boardEv
FNDA:726291,_ZNK9TicTacToe9get_boardEv
FNDA:1,_ZN3NetC2Elll
FNDA:108305,_ZN8MCTSNodeC2ESt10shared_ptrIS_E9TicTacToe
FNDA:245373,_ZN8MCTSNode6selectEv
FNF:19
FNH:19
DA:11,2
DA:13,10
DA:14,10
DA:15,10
DA:16,10
DA:18,110462
DA:19,169988
DA:20,426060
DA:21,366534
DA:24,5091
DA:27,473098
DA:28,1649466
DA:29,1299085
DA:30,1245682
DA:32,350381
DA:33,330097
DA:34,288212
DA:37,226782
DA:38,226782
DA:41,164332
DA:42,164332
DA:43,164332
DA:44,164332
DA:45,164332
DA:47,0
DA:50,73
DA:51,292
DA:52,876
DA:53,657
DA:54,485
DA:55,353
DA:57,219
DA:59,73
DA:61,726291
DA:62,726291
DA:78,1
DA:79,1
DA:80,3
DA:81,3
DA:82,3
DA:83,1
DA:96,108305
DA:97,108305
DA:99,245373
DA:100,245373
DA:101,245373
DA:102,1474895
DA:103,1229522
DA:104,1229522
DA:105,1229522
DA:106,494733
DA:107,494733
DA:110,245373
DA:113,24599
DA:115,24599
DA:116,0
DA:119,98396
DA:120,295188
DA:121,221391
DA:122,108232
DA:123,108232
DA:124,108232
DA:125,108232
DA:130,318373
DA:131,318373
DA:132,318373
DA:133,318373
DA:134,245373
DA:136,318373
DA:138,73
DA:139,73
DA:140,73
DA:141,499
DA:142,426
DA:143,426
DA:144,161
DA:145,161
DA:148,73
DA:161,73
DA:163,73
DA:164,73073
DA:165,73000
DA:166,293774
DA:167,220774
DA:169,73000
DA:170,24599
DA:171,24599
DA:173,73000
DA:174,73000
DA:175,73000
DA:176,73
DA:178,73
DA:179,73
DA:183,73000
DA:184,129100
DA:185,56100
DA:186,224400
DA:187,673200
DA:188,504900
DA:189,160774
DA:195,56100
DA:196,0
DA:200,56100
DA:201,56100
DA:202,56100
DA:203,56100
DA:204,56100
DA:205,56100
DA:207,73000
DA:208,26029
DA:209,4444
DA:215,1
DA:216,1
DA:217,1
DA:218,1
DA:220,11
DA:221,10
DA:222,10
DA:224,83
DA:225,73
DA:226,73
DA:227,73
DA:228,73
DA:229,73
DA:230,73
DA:233,10
DA:234,7
DA:235,3
DA:236,3
DA:238,0
DA:240,10
DA:243,1
DA:244,1
LF:133
LH:129
end_of_record
TN:
SF:/mnt/c/libtorch/include/ATen/core/TensorBase.h
FN:105,105,_ZN2at10TensorBaseC2ERKS0_
FN:106,106,_ZN2at10TensorBaseC2EOS0_
FN:107,107,_ZN2at10TensorBaseD2Ev
FN:188,190,_ZNK2at10TensorBase19unsafeGetTensorImplEv
FNDA:6,_ZN2at10TensorBaseC2ERKS0_
FNDA:0,_ZN2at10TensorBaseC2EOS0_
FNDA:18,_ZN2at10TensorBaseD2Ev
FNDA:0,_ZNK2at10TensorBase19unsafeGetTensorImplEv
FNF:4
FNH:2
DA:105,6
DA:106,0
DA:107,18
DA:188,0
DA:189,0
LF:5
LH:2
end_of_record
TN:
SF:/mnt/c/libtorch/include/ATen/core/TensorBody.h
FN:109,109,_ZN2at6TensorC2ERKS0_
FN:110,110,_ZN2at6TensorC2EOS0_
FNDA:6,_ZN2at6TensorC2ERKS0_
FNDA:0,_ZN2at6TensorC2EOS0_
FNF:2
FNH:1
DA:109,6
DA:110,0
LF:2
LH:1
end_of_record
TN:
SF:/mnt/c/libtorch/include/ATen/core/ivalue.h
FN:1187,1201,_ZN3c106IValue7destroyEv
FN:1223,1226,_ZN3c106IValue11clearToNoneEv
FN:1296,1320,_ZNK3c106IValue14isIntrusivePtrEv
FN:1342,1342,_ZN3c106IValue7Payload24TriviallyCopyablePayloadC2Ev
FN:1357,1357,_ZN3c106IValue7PayloadC2Ev
FN:1363,1363,_ZN3c106IValue7PayloadD2Ev
FN:1366,1372,_ZN3c106IValueC2ERKNS0_7PayloadENS0_3TagE
FN:222,227,_ZN3c106IValueC2ERKS0_
FN:234,236,_ZN3c106IValueD2Ev
FN:428,430,_ZNK3c106IValue8isTensorEv
FN:531,533,_ZNK3c106IValue8isDoubleEv
FN:534,542,_ZNK3c106IValue8toDoubleEv
FN:547,549,_ZNK3c106IValue15isComplexDoubleEv
FN:598,600,_ZNK3c106IValue8isSymIntEv
FN:615,617,_ZNK3c106IValue10isSymFloatEv
FN:642,644,_ZNK3c106IValue5isIntEv
FN:646,654,_ZNK3c106IValue5toIntEv
FN:856,858,_ZNK3c106IValue6isNoneEv
FN:994,1003,_ZNK3c106IValue7tagKindB5cxx11Ev
FNDA:0,_ZN3c106IValue7destroyEv
FNDA:0,_ZN3c106IValue11clearToNoneEv
FNDA:0,_ZNK3c106IValue14isIntrusivePtrEv
FNDA:0,_ZN3c106IValue7Payload24TriviallyCopyablePayloadC2Ev
FNDA:0,_ZN3c106IValue7PayloadC2Ev
FNDA:0,_ZN3c106IValue7PayloadD2Ev
FNDA:0,_ZN3c106IValueC2ERKNS0_7PayloadENS0_3TagE
FNDA:0,_ZN3c106IValueC2ERKS0_
FNDA:0,_ZN3c106IValueD2Ev
FNDA:0,_ZNK3c106IValue8isTensorEv
FNDA:0,_ZNK3c106IValue8isDoubleEv
FNDA:0,_ZNK3c106IValue8toDoubleEv
FNDA:0,_ZNK3c106IValue15isComplexDoubleEv
FNDA:0,_ZNK3c106IValue8isSymIntEv
FNDA:0,_ZNK3c106IValue10isSymFloatEv
FNDA:0,_ZNK3c106IValue5isIntEv
FNDA:0,_ZNK3c106IValue5toIntEv
FNDA:0,_ZNK3c106IValue6isNoneEv
FNDA:0,_ZNK3c106IValue7tagKindB5cxx11Ev
FNF:19
FNH:0
DA:222,0
DA:223,0
DA:224,0
DA:225,0
DA:227,0
DA:234,0
DA:235,0
DA:236,0
DA:428,0
DA:429,0
DA:531,0
DA:532,0
DA:534,0
DA:535,0
DA:536,0
DA:537,0
DA:538,0
DA:540,0
DA:547,0
DA:548,0
DA:598,0
DA:599,0
DA:615,0
DA:616,0
DA:642,0
DA:643,0
DA:646,0
DA:647,0
DA:648,0
DA:649,0
DA:650,0
DA:652,0
DA:856,0
DA:857,0
DA:994,0
DA:995,0
DA:999,0
DA:1002,0
DA:1187,0
DA:1192,0
DA:1193,0
DA:1194,0
DA:1195,0
DA:1197,0
DA:1201,0
DA:1223,0
DA:1224,0
DA:1225,0
DA:1226,0
DA:1296,0
DA:1315,0
DA:1319,0
DA:1342,0
DA:1357,0
DA:1363,0
DA:1366,0
DA:1367,0
DA:1368,0
DA:1370,0
DA:1372,0
LF:60
LH:0
end_of_record
TN:
SF:/mnt/c/libtorch/include/ATen/core/ivalue_inl.h
FN:156,160,_ZNK3c106IValue15toComplexDoubleEv
FN:161,177,_ZNO3c106IValue8toTensorEv
FN:1716,1716,_ZNKR3c106IValue2toIN2at6TensorEEENS_6detail35ivalue_to_const_ref_overload_returnIT_E4typeEv
FN:1716,1716,_ZNO3c106IValue2toIN2at6TensorEEET_v
FN:1720,1720,_ZNKR3c106IValue2toIdEENS_6detail35ivalue_to_const_ref_overload_returnIT_E4typeEv
FN:1721,1721,_ZNKR3c106IValue2toINS_7complexIdEEEENS_6detail35ivalue_to_const_ref_overload_returnIT_E4typeEv
FN:1730,1730,_ZNKR3c106IValue2toIlEENS_6detail35ivalue_to_const_ref_overload_returnIT_E4typeEv
FN:1758,1758,_ZNKR3c106IValue2toINS_6SymIntEEENS_6detail35ivalue_to_const_ref_overload_returnIT_E4typeEv
FN:184,189,_ZNKR3c106IValue8toTensorEv
FN:1844,1851,_ZN3c10L24createVectorLikeFromListINS_11SmallVectorIlLj5EEEEET_PKNS_6detail8ListImplE
FN:1844,1851,_ZN3c10L24createVectorLikeFromListISt6vectorIN2at6TensorESaIS3_EEEET_PKNS_6detail8ListImplE
FN:1844,1851,_ZN3c10L24createVectorLikeFromListISt6vectorINS_6SymIntESaIS2_EEEET_PKNS_6detail8ListImplE
FN:1844,1851,_ZN3c10L24createVectorLikeFromListISt6vectorINS_7complexIdEESaIS3_EEEET_PKNS_6detail8ListImplE
FN:1844,1851,_ZN3c10L24createVectorLikeFromListISt6vectorISt8optionalIN2at6TensorEESaIS5_EEEET_PKNS_6detail8ListImplE
FN:1844,1851,_ZN3c10L24createVectorLikeFromListISt6vectorIdSaIdEEEET_PKNS_6detail8ListImplE
FN:1844,1851,_ZN3c10L24createVectorLikeFromListISt6vectorIlSaIlEEEET_PKNS_6detail8ListImplE
FN:1854,1856,_ZN3c10L20createVectorFromListIN2at6TensorEEESt6vectorIT_SaIS4_EEPKNS_6detail8ListImplE
FN:1854,1856,_ZN3c10L20createVectorFromListINS_6SymIntEEESt6vectorIT_SaIS3_EEPKNS_6detail8ListImplE
FN:1854,1856,_ZN3c10L20createVectorFromListINS_7complexIdEEEESt6vectorIT_SaIS4_EEPKNS_6detail8ListImplE
FN:1854,1856,_ZN3c10L20createVectorFromListISt8optionalIN2at6TensorEEEESt6vectorIT_SaIS6_EEPKNS_6detail8ListImplE
FN:1854,1856,_ZN3c10L20createVectorFromListIdEESt6vectorIT_SaIS2_EEPKNS_6detail8ListImplE
FN:1854,1856,_ZN3c10L20createVectorFromListIlEESt6vectorIT_SaIS2_EEPKNS_6detail8ListImplE
FN:1928,1933,_ZN3c1010generic_toIN2at6TensorEEESt8optionalIT_ENS_6IValueENS_10_fake_typeIS5_EE
FN:1973,1975,_ZNKR3c106IValue2toISt8optionalIN2at6TensorEEEENS_6detail35ivalue_to_const_ref_overload_returnIT_E4typeEv
FN:246,253,_ZNKR3c106IValue8toSymIntEv
FN:262,269,_ZNKR3c106IValue10toSymFloatEv
FN:71,78,_ZNK3c106IValue14toIntrusivePtrINS_11SymNodeImplENS_6detail34intrusive_target_default_null_typeIS2_EEEENS_13intrusive_ptrIT_T0_EEv
FN:71,78,_ZNK3c106IValue14toIntrusivePtrINS_6ivalue13ComplexHolderENS_6detail34intrusive_target_default_null_typeIS3_EEEENS_13intrusive_ptrIT_T0_EEv
FNDA:0,_ZNK3c106IValue15toComplexDoubleEv
FNDA:0,_ZNO3c106IValue8toTensorEv
FNDA:0,_ZNKR3c106IValue2toIN2at6TensorEEENS_6detail35ivalue_to_const_ref_overload_returnIT_E4typeEv
FNDA:0,_ZNO3c106IValue2toIN2at6TensorEEET_v
FNDA:0,_ZNKR3c106IValue2toIdEENS_6detail35ivalue_to_const_ref_overload_returnIT_E4typeEv
FNDA:0,_ZNKR3c106IValue2toINS_7complexIdEEEENS_6detail35ivalue_to_const_ref_overload_returnIT_E4typeEv
FNDA:0,_ZNKR3c106IValue2toIlEENS_6detail35ivalue_to_const_ref_overload_returnIT_E4typeEv
FNDA:0,_ZNKR3c106IValue2toINS_6SymIntEEENS_6detail35ivalue_to_const_ref_overload_returnIT_E4typeEv
FNDA:0,_ZNKR3c106IValue8toTensorEv
FNDA:0,_ZN3c10L24createVectorLikeFromListINS_11SmallVectorIlLj5EEEEET_PKNS_6detail8ListImplE
FNDA:0,_ZN3c10L24createVectorLikeFromListISt6vectorIN2at6TensorESaIS3_EEEET_PKNS_6detail8ListImplE
FNDA:0,_ZN3c10L24createVectorLikeFromListISt6vectorINS_6SymIntESaIS2_EEEET_PKNS_6detail8ListImplE
FNDA:0,_ZN3c10L24createVectorLikeFromListISt6vectorINS_7complexIdEESaIS3_EEEET_PKNS_6detail8ListImplE
FNDA:0,_ZN3c10L24createVectorLikeFromListISt6vectorISt8optionalIN2at6TensorEESaIS5_EEEET_PKNS_6detail8ListImplE
FNDA:0,_ZN3c10L24createVectorLikeFromListISt6vectorIdSaIdEEEET_PKNS_6detail8ListImplE
FNDA:0,_ZN3c10L24createVectorLikeFromListISt6vectorIlSaIlEEEET_PKNS_6detail8ListImplE
FNDA:0,_ZN3c10L20createVectorFromListIN2at6TensorEEESt6vectorIT_SaIS4_EEPKNS_6detail8ListImplE
FNDA:0,_ZN3c10L20createVectorFromListINS_6SymIntEEESt6vectorIT_SaIS3_EEPKNS_6detail8ListImplE
FNDA:0,_ZN3c10L20createVectorFromListINS_7complexIdEEEESt6vectorIT_SaIS4_EEPKNS_6detail8ListImplE
FNDA:0,_ZN3c10L20createVectorFromListISt8optionalIN2at6TensorEEEESt6vectorIT_SaIS6_EEPKNS_6detail8ListImplE
FNDA:0,_ZN3c10L20createVectorFromListIdEESt6vectorIT_SaIS2_EEPKNS_6detail8ListImplE
FNDA:0,_ZN3c10L20createVectorFromListIlEESt6vectorIT_SaIS2_EEPKNS_6detail8ListImplE
FNDA:0,_ZN3c1010generic_toIN2at6TensorEEESt8optionalIT_ENS_6IValueENS_10_fake_typeIS5_EE
FNDA:0,_ZNKR3c106IValue2toISt8optionalIN2at6TensorEEEENS_6detail35ivalue_to_const_ref_overload_returnIT_E4typeEv
FNDA:0,_ZNKR3c106IValue8toSymIntEv
FNDA:0,_ZNKR3c106IValue10toSymFloatEv
FNDA:0,_ZNK3c106IValue14toIntrusivePtrINS_11SymNodeImplENS_6detail34intrusive_target_default_null_typeIS2_EEEENS_13intrusive_ptrIT_T0_EEv
FNDA:0,_ZNK3c106IValue14toIntrusivePtrINS_6ivalue13ComplexHolderENS_6detail34intrusive_target_default_null_typeIS3_EEEENS_13intrusive_ptrIT_T0_EEv
FNF:28
FNH:0
DA:71,0
DA:72,0
DA:73,0
DA:75,0
DA:77,0
DA:156,0
DA:157,0
DA:158,0
DA:159,0
DA:160,0
DA:161,0
DA:162,0
DA:163,0
DA:165,0
DA:175,0
DA:176,0
DA:184,0
DA:185,0
DA:186,0
DA:188,0
DA:246,0
DA:247,0
DA:248,0
DA:249,0
DA:251,0
DA:262,0
DA:263,0
DA:264,0
DA:265,0
DA:267,0
DA:1716,0
DA:1720,0
DA:1721,0
DA:1730,0
DA:1758,0
DA:1844,0
DA:1845,0
DA:1846,0
DA:1847,0
DA:1848,0
DA:1850,0
DA:1851,0
DA:1854,0
DA:1855,0
DA:1928,0
DA:1929,0
DA:1930,0
DA:1932,0
DA:1973,0
DA:1974,0
LF:50
LH:0
end_of_record
TN:
SF:/mnt/c/libtorch/include/c10/core/SymFloat.h
FN:20,20,_ZN3c108SymFloatC2Ed
FN:21,24,_ZN3c108SymFloatC2ENS_13intrusive_ptrINS_11SymNodeImplENS_6detail34intrusive_target_default_null_typeIS2_EEEE
FNDA:0,_ZN3c108SymFloatC2Ed
FNDA:0,_ZN3c108SymFloatC2ENS_13intrusive_ptrINS_11SymNodeImplENS_6detail34intrusive_target_default_null_typeIS2_EEEE
FNF:2
FNH:0
DA:20,0
DA:21,0
DA:22,0
DA:23,0
DA:24,0
LF:5
LH:0
end_of_record
TN:
SF:/mnt/c/libtorch/include/c10/core/SymInt.h
FN:100,104,_ZN3c106SymInt8release_Ev
FN:123,125,_ZN3c106SymIntD2Ev
FN:248,250,_ZN3c106SymInt11check_rangeEl
FN:41,46,_ZN3c106SymIntC2El
FN:65,67,_ZN3c106SymIntC2EOS0_
FN:89,98,_ZNK3c106SymInt20toSymNodeImplUnownedEv
FNDA:0,_ZN3c106SymInt8release_Ev
FNDA:0,_ZN3c106SymIntD2Ev
FNDA:0,_ZN3c106SymInt11check_rangeEl
FNDA:0,_ZN3c106SymIntC2El
FNDA:0,_ZN3c106SymIntC2EOS0_
FNDA:0,_ZNK3c106SymInt20toSymNodeImplUnownedEv
FNF:6
FNH:0
DA:41,0
DA:42,0
DA:44,0
DA:46,0
DA:65,0
DA:66,0
DA:67,0
DA:89,0
DA:90,0
DA:91,0
DA:92,0
DA:94,0
DA:97,0
DA:100,0
DA:101,0
DA:102,0
DA:104,0
DA:123,0
DA:124,0
DA:125,0
DA:176,0
DA:248,0
DA:249,0
LF:23
LH:0
end_of_record
TN:
SF:/mnt/c/libtorch/include/c10/core/UndefinedTensorImpl.h
FN:24,26,_ZN3c1019UndefinedTensorImpl9singletonEv
FNDA:24,_ZN3c1019UndefinedTensorImpl9singletonEv
FNF:1
FNH:1
DA:24,24
DA:25,24
LF:2
LH:2
end_of_record
TN:
SF:/mnt/c/libtorch/include/c10/util/Exception.h
FN:459,461,_ZN3c106detail17torchCheckMsgImplIJA24_cdEEEDcPKcDpRKT_
FN:459,461,_ZN3c106detail17torchCheckMsgImplIJA29_cdEEEDcPKcDpRKT_
FN:459,461,_ZN3c106detail17torchCheckMsgImplIJA36_cdEEEDcPKcDpRKT_
FN:459,461,_ZN3c106detail17torchCheckMsgImplIJA45_cNSt7__cxx1112basic_stringIcSt11char_traitsIcESaIcEEEA3_cEEEDcPKcDpRKT_
FN:459,461,_ZN3c106detail17torchCheckMsgImplIJA75_cA63_cA43_cEEEDcPKcDpRKT_
FN:459,461,_ZN3c106detail17torchCheckMsgImplIJA75_cA67_cA43_cEEEDcPKcDpRKT_
FN:459,461,_ZN3c106detail17torchCheckMsgImplIJNSt7__cxx1112basic_stringIcSt11char_traitsIcESaIcEEEA3_cS7_A18_cEEEDcPKcDpRKT_
FN:462,464,_ZN3c106detail17torchCheckMsgImplEPKc
FN:466,470,_ZN3c106detail17torchCheckMsgImplEPKcS2_
FN:510,517,_ZN3c106detail23torchInternalAssertFailEPKcS2_jS2_NS0_22CompileTimeEmptyStringE
FN:709,709,_ZN3c106detail20deprecated_AT_ASSERTEv
FNDA:0,_ZN3c106detail17torchCheckMsgImplIJA24_cdEEEDcPKcDpRKT_
FNDA:0,_ZN3c106detail17torchCheckMsgImplIJA29_cdEEEDcPKcDpRKT_
FNDA:0,_ZN3c106detail17torchCheckMsgImplIJA36_cdEEEDcPKcDpRKT_
FNDA:0,_ZN3c106detail17torchCheckMsgImplIJA45_cNSt7__cxx1112basic_stringIcSt11char_traitsIcESaIcEEEA3_cEEEDcPKcDpRKT_
FNDA:0,_ZN3c106detail17torchCheckMsgImplIJA75_cA63_cA43_cEEEDcPKcDpRKT_
FNDA:0,_ZN3c106detail17torchCheckMsgImplIJA75_cA67_cA43_cEEEDcPKcDpRKT_
FNDA:0,_ZN3c106detail17torchCheckMsgImplIJNSt7__cxx1112basic_stringIcSt11char_traitsIcESaIcEEEA3_cS7_A18_cEEEDcPKcDpRKT_
FNDA:0,_ZN3c106detail17torchCheckMsgImplEPKc
FNDA:0,_ZN3c106detail17torchCheckMsgImplEPKcS2_
FNDA:0,_ZN3c106detail23torchInternalAssertFailEPKcS2_jS2_NS0_22CompileTimeEmptyStringE
FNDA:0,_ZN3c106detail20deprecated_AT_ASSERTEv
FNF:11
FNH:0
DA:459,0
DA:460,0
DA:462,0
DA:463,0
DA:466,0
DA:469,0
DA:510,0
DA:516,0
DA:709,0
LF:9
LH:0
end_of_record
TN:
SF:/mnt/c/libtorch/include/c10/util/SmallVector.h
FN:1277,1277,_ZN3c1011SmallVectorIlLj5EEC2Ev
FN:1279,1282,_ZN3c1011SmallVectorIlLj5EED2Ev
FN:128,132,_ZNK3c1025SmallVectorTemplateCommonIlvE10getFirstElEv
FN:136,136,_ZN3c1025SmallVectorTemplateCommonIlvEC2Em
FN:138,140,_ZN3c1025SmallVectorTemplateCommonIlvE8grow_podEmm
FN:144,146,_ZNK3c1025SmallVectorTemplateCommonIlvE7isSmallEv
FN:236,254,_ZN3c1025SmallVectorTemplateCommonIlvE32reserveForParamAndGetAddressImplINS_23SmallVectorTemplateBaseIlLb1EEEEEPKlPT_RS5_m
FN:276,278,_ZN3c1025SmallVectorTemplateCommonIlvE5beginEv
FN:282,284,_ZN3c1025SmallVectorTemplateCommonIlvE3endEv
FN:538,538,_ZN3c1023SmallVectorTemplateBaseIlLb1EEC2Em
FN:541,541,_ZN3c1023SmallVectorTemplateBaseIlLb1EE13destroy_rangeEPlS2_
FN:578,580,_ZN3c1023SmallVectorTemplateBaseIlLb1EE4growEm
FN:590,592,_ZN3c1023SmallVectorTemplateBaseIlLb1EE28reserveForParamAndGetAddressERlm
FN:618,622,_ZN3c1023SmallVectorTemplateBaseIlLb1EE9push_backEl
FN:62,63,_ZN3c1015SmallVectorBaseIjEC2EPvm
FN:646,646,_ZN3c1015SmallVectorImplIlEC2Ej
FN:651,656,_ZN3c1015SmallVectorImplIlED2Ev
FN:702,705,_ZN3c1015SmallVectorImplIlE7reserveEm
FN:77,79,_ZNK3c1015SmallVectorBaseIjE4sizeEv
FN:80,82,_ZNK3c1015SmallVectorBaseIjE8capacityEv
FN:97,100,_ZN3c1015SmallVectorBaseIjE8set_sizeEm
FNDA:0,_ZN3c1011SmallVectorIlLj5EEC2Ev
FNDA:0,_ZN3c1011SmallVectorIlLj5EED2Ev
FNDA:0,_ZNK3c1025SmallVectorTemplateCommonIlvE10getFirstElEv
FNDA:0,_ZN3c1025SmallVectorTemplateCommonIlvEC2Em
FNDA:0,_ZN3c1025SmallVectorTemplateCommonIlvE8grow_podEmm
FNDA:0,_ZNK3c1025SmallVectorTemplateCommonIlvE7isSmallEv
FNDA:0,_ZN3c1025SmallVectorTemplateCommonIlvE32reserveForParamAndGetAddressImplINS_23SmallVectorTemplateBaseIlLb1EEEEEPKlPT_RS5_m
FNDA:0,_ZN3c1025SmallVectorTemplateCommonIlvE5beginEv
FNDA:0,_ZN3c1025SmallVectorTemplateCommonIlvE3endEv
FNDA:0,_ZN3c1023SmallVectorTemplateBaseIlLb1EEC2Em
FNDA:0,_ZN3c1023SmallVectorTemplateBaseIlLb1EE13destroy_rangeEPlS2_
FNDA:0,_ZN3c1023SmallVectorTemplateBaseIlLb1EE4growEm
FNDA:0,_ZN3c1023SmallVectorTemplateBaseIlLb1EE28reserveForParamAndGetAddressERlm
FNDA:0,_ZN3c1023SmallVectorTemplateBaseIlLb1EE9push_backEl
FNDA:0,_ZN3c1015SmallVectorBaseIjEC2EPvm
FNDA:0,_ZN3c1015SmallVectorImplIlEC2Ej
FNDA:0,_ZN3c1015SmallVectorImplIlED2Ev
FNDA:0,_ZN3c1015SmallVectorImplIlE7reserveEm
FNDA:0,_ZNK3c1015SmallVectorBaseIjE4sizeEv
FNDA:0,_ZNK3c1015SmallVectorBaseIjE8capacityEv
FNDA:0,_ZN3c1015SmallVectorBaseIjE8set_sizeEm
FNF:21
FNH:0
DA:62,0
DA:63,0
DA:77,0
DA:78,0
DA:80,0
DA:81,0
DA:97,0
DA:98,0
DA:99,0
DA:100,0
DA:128,0
DA:131,0
DA:136,0
DA:138,0
DA:139,0
DA:140,0
DA:144,0
DA:145,0
DA:236,0
DA:240,0
DA:241,0
DA:242,0
DA:244,0
DA:245,0
DA:252,0
DA:253,0
DA:276,0
DA:277,0
DA:282,0
DA:283,0
DA:538,0
DA:541,0
DA:578,0
DA:579,0
DA:580,0
DA:590,0
DA:591,0
DA:618,0
DA:619,0
DA:620,0
DA:621,0
DA:622,0
DA:646,0
DA:651,0
DA:654,0
DA:655,0
DA:656,0
DA:702,0
DA:703,0
DA:704,0
DA:705,0
DA:1277,0
DA:1279,0
DA:1281,0
DA:1282,0
LF:55
LH:0
end_of_record
TN:
SF:/mnt/c/libtorch/include/c10/util/StringUtil.h
FN:105,107,_ZN3c106detail12_str_wrapperIJPKcEE4callES3_
FN:115,117,_ZN3c106detail12_str_wrapperIJEE4callEv
FN:124,127,_ZN3c103strIJA13_cEEEDcDpRKT_
FN:124,127,_ZN3c103strIJA16_cEEEDcDpRKT_
FN:124,127,_ZN3c103strIJA16_ciEEEDcDpRKT_
FN:124,127,_ZN3c103strIJA24_cdEEEDcDpRKT_
FN:124,127,_ZN3c103strIJA29_cdEEEDcDpRKT_
FN:124,127,_ZN3c103strIJA32_cNSt7__cxx1112basic_stringIcSt11char_traitsIcESaIcEEEEEEDcDpRKT_
FN:124,127,_ZN3c103strIJA36_cdEEEDcDpRKT_
FN:124,127,_ZN3c103strIJA37_cNSt7__cxx1112basic_stringIcSt11char_traitsIcESaIcEEEEEEDcDpRKT_
FN:124,127,_ZN3c103strIJA45_cNSt7__cxx1112basic_stringIcSt11char_traitsIcESaIcEEEA3_cEEEDcDpRKT_
FN:124,127,_ZN3c103strIJA63_cEEEDcDpRKT_
FN:124,127,_ZN3c103strIJA68_cEEEDcDpRKT_
FN:124,127,_ZN3c103strIJA75_cA63_cA43_cEEEDcDpRKT_
FN:124,127,_ZN3c103strIJA75_cA67_cA43_cEEEDcDpRKT_
FN:124,127,_ZN3c103strIJEEEDcDpRKT_
FN:124,127,_ZN3c103strIJNSt7__cxx1112basic_stringIcSt11char_traitsIcESaIcEEEA3_cS6_A18_cEEEDcDpRKT_
FN:54,58,_ZN3c106detail4_strINSt7__cxx1112basic_stringIcSt11char_traitsIcESaIcEEEEERSoS8_RKT_
FN:54,58,_ZN3c106detail4_strIPKcEERSoS4_RKT_
FN:54,58,_ZN3c106detail4_strIdEERSoS2_RKT_
FN:54,58,_ZN3c106detail4_strIiEERSoS2_RKT_
FN:81,83,_ZN3c106detail4_strINSt7__cxx1112basic_stringIcSt11char_traitsIcESaIcEEEJPKcEEERSoSA_RKT_DpRKT0_
FN:81,83,_ZN3c106detail4_strINSt7__cxx1112basic_stringIcSt11char_traitsIcESaIcEEEJPKcS7_S9_EEERSoSA_RKT_DpRKT0_
FN:81,83,_ZN3c106detail4_strIPKcJNSt7__cxx1112basic_stringIcSt11char_traitsIcESaIcEEEEEERSoSA_RKT_DpRKT0_
FN:81,83,_ZN3c106detail4_strIPKcJNSt7__cxx1112basic_stringIcSt11char_traitsIcESaIcEEES3_EEERSoSA_RKT_DpRKT0_
FN:81,83,_ZN3c106detail4_strIPKcJS3_EEERSoS4_RKT_DpRKT0_
FN:81,83,_ZN3c106detail4_strIPKcJS3_S3_EEERSoS4_RKT_DpRKT0_
FN:81,83,_ZN3c106detail4_strIPKcJdEEERSoS4_RKT_DpRKT0_
FN:81,83,_ZN3c106detail4_strIPKcJiEEERSoS4_RKT_DpRKT0_
FN:87,91,_ZN3c106detail12_str_wrapperIJPKcRKNSt7__cxx1112basic_stringIcSt11char_traitsIcESaIcEEEEE4callERKS3_SB_
FN:87,91,_ZN3c106detail12_str_wrapperIJPKcRKNSt7__cxx1112basic_stringIcSt11char_traitsIcESaIcEEES3_EE4callERKS3_SB_SE_
FN:87,91,_ZN3c106detail12_str_wrapperIJPKcRKdEE4callB5cxx11ERKS3_S5_
FN:87,91,_ZN3c106detail12_str_wrapperIJPKcRKiEE4callB5cxx11ERKS3_S5_
FN:87,91,_ZN3c106detail12_str_wrapperIJPKcS3_S3_EE4callB5cxx11ERKS3_S6_S6_
FN:87,91,_ZN3c106detail12_str_wrapperIJRKNSt7__cxx1112basic_stringIcSt11char_traitsIcESaIcEEEPKcS9_SB_EE4callES9_RKSB_S9_SE_
FNDA:0,_ZN3c106detail12_str_wrapperIJPKcEE4callES3_
FNDA:0,_ZN3c106detail12_str_wrapperIJEE4callEv
FNDA:0,_ZN3c103strIJA13_cEEEDcDpRKT_
FNDA:0,_ZN3c103strIJA16_cEEEDcDpRKT_
FNDA:0,_ZN3c103strIJA16_ciEEEDcDpRKT_
FNDA:0,_ZN3c103strIJA24_cdEEEDcDpRKT_
FNDA:0,_ZN3c103strIJA29_cdEEEDcDpRKT_
FNDA:0,_ZN3c103strIJA32_cNSt7__cxx1112basic_stringIcSt11char_traitsIcESaIcEEEEEEDcDpRKT_
FNDA:0,_ZN3c103strIJA36_cdEEEDcDpRKT_
FNDA:0,_ZN3c103strIJA37_cNSt7__cxx1112basic_stringIcSt11char_traitsIcESaIcEEEEEEDcDpRKT_
FNDA:0,_ZN3c103strIJA45_cNSt7__cxx1112basic_stringIcSt11char_traitsIcESaIcEEEA3_cEEEDcDpRKT_
FNDA:0,_ZN3c103strIJA63_cEEEDcDpRKT_
FNDA:0,_ZN3c103strIJA68_cEEEDcDpRKT_
FNDA:0,_ZN3c103strIJA75_cA63_cA43_cEEEDcDpRKT_
FNDA:0,_ZN3c103strIJA75_cA67_cA43_cEEEDcDpRKT_
FNDA:0,_ZN3c103strIJEEEDcDpRKT_
FNDA:0,_ZN3c103strIJNSt7__cxx1112basic_stringIcSt11char_traitsIcESaIcEEEA3_cS6_A18_cEEEDcDpRKT_
FNDA:0,_ZN3c106detail4_strINSt7__cxx1112basic_stringIcSt11char_traitsIcESaIcEEEEERSoS8_RKT_
FNDA:0,_ZN3c106detail4_strIPKcEERSoS4_RKT_
FNDA:0,_ZN3c106detail4_strIdEERSoS2_RKT_
FNDA:0,_ZN3c106detail4_strIiEERSoS2_RKT_
FNDA:0,_ZN3c106detail4_strINSt7__cxx1112basic_stringIcSt11char_traitsIcESaIcEEEJPKcEEERSoSA_RKT_DpRKT0_
FNDA:0,_ZN3c106detail4_strINSt7__cxx1112basic_stringIcSt11char_traitsIcESaIcEEEJPKcS7_S9_EEERSoSA_RKT_DpRKT0_
FNDA:0,_ZN3c106detail4_strIPKcJNSt7__cxx1112basic_stringIcSt11char_traitsIcESaIcEEEEEERSoSA_RKT_DpRKT0_
FNDA:0,_ZN3c106detail4_strIPKcJNSt7__cxx1112basic_stringIcSt11char_traitsIcESaIcEEES3_EEERSoSA_RKT_DpRKT0_
FNDA:0,_ZN3c106detail4_strIPKcJS3_EEERSoS4_RKT_DpRKT0_
FNDA:0,_ZN3c106detail4_strIPKcJS3_S3_EEERSoS4_RKT_DpRKT0_
FNDA:0,_ZN3c106detail4_strIPKcJdEEERSoS4_RKT_DpRKT0_
FNDA:0,_ZN3c106detail4_strIPKcJiEEERSoS4_RKT_DpRKT0_
FNDA:0,_ZN3c106detail12_str_wrapperIJPKcRKNSt7__cxx1112basic_stringIcSt11char_traitsIcESaIcEEEEE4callERKS3_SB_
FNDA:0,_ZN3c106detail12_str_wrapperIJPKcRKNSt7__cxx1112basic_stringIcSt11char_traitsIcESaIcEEES3_EE4callERKS3_SB_SE_
FNDA:0,_ZN3c106detail12_str_wrapperIJPKcRKdEE4callB5cxx11ERKS3_S5_
FNDA:0,_ZN3c106detail12_str_wrapperIJPKcRKiEE4callB5cxx11ERKS3_S5_
FNDA:0,_ZN3c106detail12_str_wrapperIJPKcS3_S3_EE4callB5cxx11ERKS3_S6_S6_
FNDA:0,_ZN3c106detail12_str_wrapperIJRKNSt7__cxx1112basic_stringIcSt11char_traitsIcESaIcEEEPKcS9_SB_EE4callES9_RKSB_S9_SE_
FNF:35
FNH:0
DA:54,0
DA:56,0
DA:57,0
DA:81,0
DA:82,0
DA:87,0
DA:88,0
DA:89,0
DA:90,0
DA:91,0
DA:105,0
DA:106,0
DA:115,0
DA:116,0
DA:124,0
DA:126,0
LF:16
LH:0
end_of_record
TN:
SF:/mnt/c/libtorch/include/c10/util/flat_hash_map.h
FN:152,154,_ZNK3ska8detailv317sherwood_v3_entryISt4pairIPvSt10unique_ptrIN5torch5optim19OptimizerParamStateESt14default_deleteIS7_EEEE9has_valueEv
FN:167,170,_ZN3ska8detailv317sherwood_v3_entryISt4pairIPvSt10unique_ptrIN5torch5optim19OptimizerParamStateESt14default_deleteIS7_EEEE13destroy_valueEv
FN:1947,1947,_ZN3ska13flat_hash_mapIPvSt10unique_ptrIN5torch5optim19OptimizerParamStateESt14default_deleteIS5_EESt4hashIS1_ESt8equal_toIS1_ESaISt4pairIS1_S8_EEEC2Ev
FN:255,255,_ZN3ska8detailv317sherwood_v3_tableISt4pairIPvSt10unique_ptrIN5torch5optim19OptimizerParamStateESt14default_deleteIS7_EEES3_St4hashIS3_ENS0_16KeyOrValueHasherIS3_SB_SD_EESt8equal_toIS3_ENS0_18KeyOrValueEqualityIS3_SB_SH_EESaISB_ESaINS0_17sherwood_v3_entryISB_EEEEC2Ev
FN:418,421,_ZN3ska8detailv317sherwood_v3_tableISt4pairIPvSt10unique_ptrIN5torch5optim19OptimizerParamStateESt14default_deleteIS7_EEES3_St4hashIS3_ENS0_16KeyOrValueHasherIS3_SB_SD_EESt8equal_toIS3_ENS0_18KeyOrValueEqualityIS3_SB_SH_EESaISB_ESaINS0_17sherwood_v3_entryISB_EEEED2Ev
FN:697,707,_ZN3ska8detailv317sherwood_v3_tableISt4pairIPvSt10unique_ptrIN5torch5optim19OptimizerParamStateESt14default_deleteIS7_EEES3_St4hashIS3_ENS0_16KeyOrValueHasherIS3_SB_SD_EESt8equal_toIS3_ENS0_18KeyOrValueEqualityIS3_SB_SH_EESaISB_ESaINS0_17sherwood_v3_entryISB_EEEE5clearEv
FN:764,773,_ZN3ska8detailv317sherwood_v3_tableISt4pairIPvSt10unique_ptrIN5torch5optim19OptimizerParamStateESt14default_deleteIS7_EEES3_St4hashIS3_ENS0_16KeyOrValueHasherIS3_SB_SD_EESt8equal_toIS3_ENS0_18KeyOrValueEqualityIS3_SB_SH_EESaISB_ESaINS0_17sherwood_v3_entryISB_EEEE19empty_default_tableEv
FN:849,855,_ZN3ska8detailv317sherwood_v3_tableISt4pairIPvSt10unique_ptrIN5torch5optim19OptimizerParamStateESt14default_deleteIS7_EEES3_St4hashIS3_ENS0_16KeyOrValueHasherIS3_SB_SD_EESt8equal_toIS3_ENS0_18KeyOrValueEqualityIS3_SB_SH_EESaISB_ESaINS0_17sherwood_v3_entryISB_EEEE15deallocate_dataEPSM_ma
FNDA:3,_ZNK3ska8detailv317sherwood_v3_entryISt4pairIPvSt10unique_ptrIN5torch5optim19OptimizerParamStateESt14default_deleteIS7_EEEE9has_valueEv
FNDA:0,_ZN3ska8detailv317sherwood_v3_entryISt4pairIPvSt10unique_ptrIN5torch5optim19OptimizerParamStateESt14default_deleteIS7_EEEE13destroy_valueEv
FNDA:1,_ZN3ska13flat_hash_mapIPvSt10unique_ptrIN5torch5optim19OptimizerParamStateESt14default_deleteIS5_EESt4hashIS1_ESt8equal_toIS1_ESaISt4pairIS1_S8_EEEC2Ev
FNDA:1,_ZN3ska8detailv317sherwood_v3_tableISt4pairIPvSt10unique_ptrIN5torch5optim19OptimizerParamStateESt14default_deleteIS7_EEES3_St4hashIS3_ENS0_16KeyOrValueHasherIS3_SB_SD_EESt8equal_toIS3_ENS0_18KeyOrValueEqualityIS3_SB_SH_EESaISB_ESaINS0_17sherwood_v3_entryISB_EEEEC2Ev
FNDA:1,_ZN3ska8detailv317sherwood_v3_tableISt4pairIPvSt10unique_ptrIN5torch5optim19OptimizerParamStateESt14default_deleteIS7_EEES3_St4hashIS3_ENS0_16KeyOrValueHasherIS3_SB_SD_EESt8equal_toIS3_ENS0_18KeyOrValueEqualityIS3_SB_SH_EESaISB_ESaINS0_17sherwood_v3_entryISB_EEEED2Ev
FNDA:1,_ZN3ska8detailv317sherwood_v3_tableISt4pairIPvSt10unique_ptrIN5torch5optim19OptimizerParamStateESt14default_deleteIS7_EEES3_St4hashIS3_ENS0_16KeyOrValueHasherIS3_SB_SD_EESt8equal_toIS3_ENS0_18KeyOrValueEqualityIS3_SB_SH_EESaISB_ESaINS0_17sherwood_v3_entryISB_EEEE5clearEv
FNDA:1,_ZN3ska8detailv317sherwood_v3_tableISt4pairIPvSt10unique_ptrIN5torch5optim19OptimizerParamStateESt14default_deleteIS7_EEES3_St4hashIS3_ENS0_16KeyOrValueHasherIS3_SB_SD_EESt8equal_toIS3_ENS0_18KeyOrValueEqualityIS3_SB_SH_EESaISB_ESaINS0_17sherwood_v3_entryISB_EEEE19empty_default_tableEv
FNDA:1,_ZN3ska8detailv317sherwood_v3_tableISt4pairIPvSt10unique_ptrIN5torch5optim19OptimizerParamStateESt14default_deleteIS7_EEES3_St4hashIS3_ENS0_16KeyOrValueHasherIS3_SB_SD_EESt8equal_toIS3_ENS0_18KeyOrValueEqualityIS3_SB_SH_EESaISB_ESaINS0_17sherwood_v3_entryISB_EEEE15deallocate_dataEPSM_ma
FNF:8
FNH:7
DA:152,3
DA:153,3
DA:167,0
DA:168,0
DA:169,0
DA:170,0
DA:255,2
DA:418,1
DA:419,1
DA:420,1
DA:421,1
DA:697,1
DA:698,3
DA:699,1
DA:700,1
DA:701,4
DA:703,3
DA:704,0
DA:706,1
DA:707,1
DA:764,1
DA:766,1
DA:767,1
DA:769,4
DA:770,3
DA:771,1
DA:772,1
DA:849,1
DA:853,1
DA:854,1
DA:855,1
DA:1947,1
LF:32
LH:27
end_of_record
TN:
SF:/mnt/c/libtorch/include/c10/util/intrusive_ptr.h
FN:185,187,_ZN3c106detail34intrusive_target_default_null_typeINS_11SymNodeImplEE9singletonEv
FN:185,187,_ZN3c106detail34intrusive_target_default_null_typeINS_6ivalue13ComplexHolderEE9singletonEv
FN:201,203,_ZN3c106detail25atomic_refcount_incrementERSt6atomicIjE
FN:213,215,_ZN3c106detail25atomic_refcount_decrementERSt6atomicIjE
FN:217,219,_ZN3c106detail26atomic_weakcount_decrementERSt6atomicIjE
FN:270,278,_ZN3c1013intrusive_ptrINS_10TensorImplENS_19UndefinedTensorImplEE7retain_Ev
FN:280,300,_ZN3c1013intrusive_ptrINS_10TensorImplENS_19UndefinedTensorImplEE6reset_Ev
FN:280,300,_ZN3c1013intrusive_ptrINS_11SymNodeImplENS_6detail34intrusive_target_default_null_typeIS1_EEE6reset_Ev
FN:280,300,_ZN3c1013intrusive_ptrINS_20intrusive_ptr_targetENS_19UndefinedTensorImplEE6reset_Ev
FN:280,300,_ZN3c1013intrusive_ptrINS_6ivalue13ComplexHolderENS_6detail34intrusive_target_default_null_typeIS2_EEE6reset_Ev
FN:332,333,_ZN3c1013intrusive_ptrINS_11SymNodeImplENS_6detail34intrusive_target_default_null_typeIS1_EEEC2Ev
FN:332,333,_ZN3c1013intrusive_ptrINS_6ivalue13ComplexHolderENS_6detail34intrusive_target_default_null_typeIS2_EEEC2Ev
FN:341,342,_ZN3c1013intrusive_ptrINS_11SymNodeImplENS_6detail34intrusive_target_default_null_typeIS1_EEEC2EPS1_NS_3raw20DontIncreaseRefcountE
FN:341,342,_ZN3c1013intrusive_ptrINS_20intrusive_ptr_targetENS_19UndefinedTensorImplEEC2EPS1_NS_3raw20DontIncreaseRefcountE
FN:341,342,_ZN3c1013intrusive_ptrINS_6ivalue13ComplexHolderENS_6detail34intrusive_target_default_null_typeIS2_EEEC2EPS2_NS_3raw20DontIncreaseRefcountE
FN:347,349,_ZN3c1013intrusive_ptrINS_10TensorImplENS_19UndefinedTensorImplEEC2EOS3_
FN:347,349,_ZN3c1013intrusive_ptrINS_11SymNodeImplENS_6detail34intrusive_target_default_null_typeIS1_EEEC2EOS5_
FN:362,364,_ZN3c1013intrusive_ptrINS_10TensorImplENS_19UndefinedTensorImplEEC2ERKS3_
FN:376,378,_ZN3c1013intrusive_ptrINS_10TensorImplENS_19UndefinedTensorImplEED2Ev
FN:376,378,_ZN3c1013intrusive_ptrINS_11SymNodeImplENS_6detail34intrusive_target_default_null_typeIS1_EEED2Ev
FN:376,378,_ZN3c1013intrusive_ptrINS_20intrusive_ptr_targetENS_19UndefinedTensorImplEED2Ev
FN:376,378,_ZN3c1013intrusive_ptrINS_6ivalue13ComplexHolderENS_6detail34intrusive_target_default_null_typeIS2_EEED2Ev
FN:414,416,_ZNK3c1013intrusive_ptrINS_10TensorImplENS_19UndefinedTensorImplEE3getEv
FN:418,420,_ZNK3c1013intrusive_ptrINS_6ivalue13ComplexHolderENS_6detail34intrusive_target_default_null_typeIS2_EEEdeEv
FN:422,424,_ZNK3c1013intrusive_ptrINS_11SymNodeImplENS_6detail34intrusive_target_default_null_typeIS1_EEEptEv
FN:482,488,_ZN3c1013intrusive_ptrINS_11SymNodeImplENS_6detail34intrusive_target_default_null_typeIS1_EEE7reclaimEPS1_
FN:482,488,_ZN3c1013intrusive_ptrINS_20intrusive_ptr_targetENS_19UndefinedTensorImplEE7reclaimEPS1_
FN:482,488,_ZN3c1013intrusive_ptrINS_6ivalue13ComplexHolderENS_6detail34intrusive_target_default_null_typeIS2_EEE7reclaimEPS2_
FN:993,997,_ZN3c103raw13intrusive_ptr6increfEPNS_20intrusive_ptr_targetE
FNDA:0,_ZN3c106detail34intrusive_target_default_null_typeINS_11SymNodeImplEE9singletonEv
FNDA:0,_ZN3c106detail34intrusive_target_default_null_typeINS_6ivalue13ComplexHolderEE9singletonEv
FNDA:6,_ZN3c106detail25atomic_refcount_incrementERSt6atomicIjE
FNDA:18,_ZN3c106detail25atomic_refcount_decrementERSt6atomicIjE
FNDA:0,_ZN3c106detail26atomic_weakcount_decrementERSt6atomicIjE
FNDA:6,_ZN3c1013intrusive_ptrINS_10TensorImplENS_19UndefinedTensorImplEE7retain_Ev
FNDA:18,_ZN3c1013intrusive_ptrINS_10TensorImplENS_19UndefinedTensorImplEE6reset_Ev
FNDA:0,_ZN3c1013intrusive_ptrINS_11SymNodeImplENS_6detail34intrusive_target_default_null_typeIS1_EEE6reset_Ev
FNDA:0,_ZN3c1013intrusive_ptrINS_20intrusive_ptr_targetENS_19UndefinedTensorImplEE6reset_Ev
FNDA:0,_ZN3c1013intrusive_ptrINS_6ivalue13ComplexHolderENS_6detail34intrusive_target_default_null_typeIS2_EEE6reset_Ev
FNDA:0,_ZN3c1013intrusive_ptrINS_11SymNodeImplENS_6detail34intrusive_target_default_null_typeIS1_EEEC2Ev
FNDA:0,_ZN3c1013intrusive_ptrINS_6ivalue13ComplexHolderENS_6detail34intrusive_target_default_null_typeIS2_EEEC2Ev
FNDA:0,_ZN3c1013intrusive_ptrINS_11SymNodeImplENS_6detail34intrusive_target_default_null_typeIS1_EEEC2EPS1_NS_3raw20DontIncreaseRefcountE
FNDA:0,_ZN3c1013intrusive_ptrINS_20intrusive_ptr_targetENS_19UndefinedTensorImplEEC2EPS1_NS_3raw20DontIncreaseRefcountE
FNDA:0,_ZN3c1013intrusive_ptrINS_6ivalue13ComplexHolderENS_6detail34intrusive_target_default_null_typeIS2_EEEC2EPS2_NS_3raw20DontIncreaseRefcountE
FNDA:0,_ZN3c1013intrusive_ptrINS_10TensorImplENS_19UndefinedTensorImplEEC2EOS3_
FNDA:0,_ZN3c1013intrusive_ptrINS_11SymNodeImplENS_6detail34intrusive_target_default_null_typeIS1_EEEC2EOS5_
FNDA:6,_ZN3c1013intrusive_ptrINS_10TensorImplENS_19UndefinedTensorImplEEC2ERKS3_
FNDA:18,_ZN3c1013intrusive_ptrINS_10TensorImplENS_19UndefinedTensorImplEED2Ev
FNDA:0,_ZN3c1013intrusive_ptrINS_11SymNodeImplENS_6detail34intrusive_target_default_null_typeIS1_EEED2Ev
FNDA:0,_ZN3c1013intrusive_ptrINS_20intrusive_ptr_targetENS_19UndefinedTensorImplEED2Ev
FNDA:0,_ZN3c1013intrusive_ptrINS_6ivalue13ComplexHolderENS_6detail34intrusive_target_default_null_typeIS2_EEED2Ev
FNDA:0,_ZNK3c1013intrusive_ptrINS_10TensorImplENS_19UndefinedTensorImplEE3getEv
FNDA:0,_ZNK3c1013intrusive_ptrINS_6ivalue13ComplexHolderENS_6detail34intrusive_target_default_null_typeIS2_EEEdeEv
FNDA:0,_ZNK3c1013intrusive_ptrINS_11SymNodeImplENS_6detail34intrusive_target_default_null_typeIS1_EEEptEv
FNDA:0,_ZN3c1013intrusive_ptrINS_11SymNodeImplENS_6detail34intrusive_target_default_null_typeIS1_EEE7reclaimEPS1_
FNDA:0,_ZN3c1013intrusive_ptrINS_20intrusive_ptr_targetENS_19UndefinedTensorImplEE7reclaimEPS1_
FNDA:0,_ZN3c1013intrusive_ptrINS_6ivalue13ComplexHolderENS_6detail34intrusive_target_default_null_typeIS2_EEE7reclaimEPS2_
FNDA:0,_ZN3c103raw13intrusive_ptr6increfEPNS_20intrusive_ptr_targetE
FNF:29
FNH:6
DA:185,0
DA:186,0
DA:201,6
DA:202,12
DA:213,18
DA:214,36
DA:217,0
DA:218,0
DA:270,6
DA:271,6
DA:273,6
DA:274,6
DA:278,6
DA:280,18
DA:281,36
DA:282,18
DA:286,0
DA:287,0
DA:288,0
DA:292,0
DA:293,0
DA:294,0
DA:296,0
DA:297,0
DA:300,18
DA:332,0
DA:333,0
DA:341,0
DA:342,0
DA:347,0
DA:348,0
DA:349,0
DA:362,6
DA:363,6
DA:364,6
DA:376,18
DA:377,18
DA:378,18
DA:414,0
DA:415,0
DA:418,0
DA:419,0
DA:422,0
DA:423,0
DA:482,0
DA:483,0
DA:487,0
DA:993,0
DA:994,0
DA:995,0
DA:997,0
LF:51
LH:19
end_of_record
TN:
SF:/mnt/c/libtorch/include/torch/csrc/api/include/torch/nn/module.h
FN:528,530,_ZN5torch2nn6Module25_forward_has_default_argsEv
FN:532,538,_ZN5torch2nn6Module26_forward_num_required_argsEv
FN:540,547,_ZN5torch2nn6Module30_forward_populate_default_argsEOSt6vectorINS0_8AnyValueESaIS3_EE
FN:649,660,_ZN5torch2nn6Module15register_moduleINS0_10LinearImplEEESt10shared_ptrIT_ENSt7__cxx1112basic_stringIcSt11char_traitsIcESaIcEEES6_
FN:663,667,_ZN5torch2nn6Module15register_moduleINS0_10LinearImplEEESt10shared_ptrIT_ENSt7__cxx1112basic_stringIcSt11char_traitsIcESaIcEEENS0_12ModuleHolderIS5_EE
FN:88,88,_ZN5torch2nn6ModuleD0Ev
FN:88,88,_ZN5torch2nn6ModuleD2Ev
FNDA:0,_ZN5torch2nn6Module25_forward_has_default_argsEv
FNDA:0,_ZN5torch2nn6Module26_forward_num_required_argsEv
FNDA:0,_ZN5torch2nn6Module30_forward_populate_default_argsEOSt6vectorINS0_8AnyValueESaIS3_EE
FNDA:3,_ZN5torch2nn6Module15register_moduleINS0_10LinearImplEEESt10shared_ptrIT_ENSt7__cxx1112basic_stringIcSt11char_traitsIcESaIcEEES6_
FNDA:3,_ZN5torch2nn6Module15register_moduleINS0_10LinearImplEEESt10shared_ptrIT_ENSt7__cxx1112basic_stringIcSt11char_traitsIcESaIcEEENS0_12ModuleHolderIS5_EE
FNDA:0,_ZN5torch2nn6ModuleD0Ev
FNDA:1,_ZN5torch2nn6ModuleD2Ev
FNF:7
FNH:3
DA:88,1
DA:528,0
DA:529,0
DA:532,0
DA:533,0
DA:540,0
DA:542,0
DA:649,3
DA:652,3
DA:653,3
DA:658,3
DA:659,3
DA:663,3
DA:666,3
LF:14
LH:8
end_of_record
TN:
SF:/mnt/c/libtorch/include/torch/csrc/api/include/torch/nn/modules/linear.h
FN:52,53,_ZN5torch2nn10LinearImplC2Ell
FNDA:3,_ZN5torch2nn10LinearImplC2Ell
FNF:1
FNH:1
DA:52,3
DA:53,3
LF:2
LH:2
end_of_record
TN:
SF:/mnt/c/libtorch/include/torch/csrc/api/include/torch/nn/pimpl.h
FN:101,104,_ZNK5torch2nn12ModuleHolderINS0_10LinearImplEE3ptrEv
FN:138,140,_ZNK5torch2nn12ModuleHolderINS0_10LinearImplEE8is_emptyEv
FN:64,67,_ZN5torch2nn12ModuleHolderINS0_10LinearImplEEC2IRlJS5_EvEEOT_DpOT0_
FNDA:3,_ZNK5torch2nn12ModuleHolderINS0_10LinearImplEE3ptrEv
FNDA:3,_ZNK5torch2nn12ModuleHolderINS0_10LinearImplEE8is_emptyEv
FNDA:3,_ZN5torch2nn12ModuleHolderINS0_10LinearImplEEC2IRlJS5_EvEEOT_DpOT0_
FNF:3
FNH:3
DA:64,3
DA:65,6
DA:66,3
DA:67,6
DA:101,3
DA:102,3
DA:103,3
DA:138,3
DA:139,3
LF:9
LH:9
end_of_record
TN:
SF:/mnt/c/libtorch/include/torch/csrc/api/include/torch/optim/adam.h
FN:19,19,_ZN5torch5optim11AdamOptions2lrEv
FN:21,21,_ZN5torch5optim11AdamOptions5betasEv
FN:22,22,_ZN5torch5optim11AdamOptions3epsEv
FN:23,23,_ZN5torch5optim11AdamOptions12weight_decayEv
FN:53,72,_ZN5torch5optim4AdamC2ERKSt6vectorINS0_19OptimizerParamGroupESaIS3_EENS0_11AdamOptionsE
FN:73,74,_ZN5torch5optim4AdamC2ESt6vectorIN2at6TensorESaIS4_EENS0_11AdamOptionsE
FNDA:1,_ZN5torch5optim11AdamOptions2lrEv
FNDA:1,_ZN5torch5optim11AdamOptions5betasEv
FNDA:1,_ZN5torch5optim11AdamOptions3epsEv
FNDA:1,_ZN5torch5optim11AdamOptions12weight_decayEv
FNDA:1,_ZN5torch5optim4AdamC2ERKSt6vectorINS0_19OptimizerParamGroupESaIS3_EENS0_11AdamOptionsE
FNDA:1,_ZN5torch5optim4AdamC2ESt6vectorIN2at6TensorESaIS4_EENS0_11AdamOptionsE
FNF:6
FNH:6
DA:19,1
DA:21,1
DA:22,1
DA:23,1
DA:53,1
DA:56,1
DA:57,1
DA:58,1
DA:59,1
DA:60,1
DA:64,1
DA:68,1
DA:72,1
DA:73,1
DA:74,4
LF:15
LH:15
end_of_record
TN:
SF:/mnt/c/libtorch/include/torch/csrc/api/include/torch/optim/optimizer.h
FN:116,123,_ZN5torch5optim9OptimizerC2ERKSt6vectorINS0_19OptimizerParamGroupESaIS3_EESt10unique_ptrINS0_16OptimizerOptionsESt14default_deleteIS9_EE
FN:136,136,_ZN5torch5optim9OptimizerD0Ev
FN:136,136,_ZN5torch5optim9OptimizerD2Ev
FN:57,57,_ZN5torch5optim16OptimizerOptionsC2ERKS1_
FN:59,59,_ZN5torch5optim16OptimizerOptionsC2EOS1_
FN:64,64,_ZN5torch5optim16OptimizerOptionsD0Ev
FN:64,64,_ZN5torch5optim16OptimizerOptionsD2Ev
FN:72,74,_ZNK5torch5optim25OptimizerCloneableOptionsINS0_11AdamOptionsEE5cloneEv
FN:83,87,_ZN5torch5optim19OptimizerParamGroupC2ERKS1_
FN:88,89,_ZN5torch5optim19OptimizerParamGroupC2ESt6vectorIN2at6TensorESaIS4_EE
FNDA:1,_ZN5torch5optim9OptimizerC2ERKSt6vectorINS0_19OptimizerParamGroupESaIS3_EESt10unique_ptrINS0_16OptimizerOptionsESt14default_deleteIS9_EE
FNDA:0,_ZN5torch5optim9OptimizerD0Ev
FNDA:1,_ZN5torch5optim9OptimizerD2Ev
FNDA:1,_ZN5torch5optim16OptimizerOptionsC2ERKS1_
FNDA:1,_ZN5torch5optim16OptimizerOptionsC2EOS1_
FNDA:0,_ZN5torch5optim16OptimizerOptionsD0Ev
FNDA:2,_ZN5torch5optim16OptimizerOptionsD2Ev
FNDA:0,_ZNK5torch5optim25OptimizerCloneableOptionsINS0_11AdamOptionsEE5cloneEv
FNDA:1,_ZN5torch5optim19OptimizerParamGroupC2ERKS1_
FNDA:1,_ZN5torch5optim19OptimizerParamGroupC2ESt6vectorIN2at6TensorESaIS4_EE
FNF:10
FNH:7
DA:57,1
DA:59,1
DA:64,2
DA:72,0
DA:73,0
DA:83,1
DA:84,1
DA:85,1
DA:86,1
DA:87,1
DA:88,1
DA:89,1
DA:116,1
DA:119,1
DA:120,2
DA:121,1
DA:123,1
DA:136,1
LF:18
LH:16
end_of_record
TN:
SF:/mnt/c/libtorch/include/torch/csrc/api/include/torch/ordered_dict.h
FN:197,197,_ZN5torch11OrderedDictINSt7__cxx1112basic_stringIcSt11char_traitsIcESaIcEEESt10shared_ptrINS_2nn6ModuleEEE4ItemC2ES6_SA_
FN:225,227,_ZN5torch11OrderedDictINSt7__cxx1112basic_stringIcSt11char_traitsIcESaIcEEESt10shared_ptrINS_2nn6ModuleEEE4Item5valueEv
FN:365,372,_ZN5torch11OrderedDictINSt7__cxx1112basic_stringIcSt11char_traitsIcESaIcEEESt10shared_ptrINS_2nn6ModuleEEE6insertIS6_S7_INS8_10LinearImplEEEERSA_OT_OT0_
FN:42,42,_ZN5torch11OrderedDictINSt7__cxx1112basic_stringIcSt11char_traitsIcESaIcEEEN2at6TensorEED2Ev
FN:42,42,_ZN5torch11OrderedDictINSt7__cxx1112basic_stringIcSt11char_traitsIcESaIcEEESt10shared_ptrINS_2nn6ModuleEEED2Ev
FN:441,443,_ZNK5torch11OrderedDictINSt7__cxx1112basic_stringIcSt11char_traitsIcESaIcEEESt10shared_ptrINS_2nn6ModuleEEE4sizeEv
FNDA:3,_ZN5torch11OrderedDictINSt7__cxx1112basic_stringIcSt11char_traitsIcESaIcEEESt10shared_ptrINS_2nn6ModuleEEE4ItemC2ES6_SA_
FNDA:3,_ZN5torch11OrderedDictINSt7__cxx1112basic_stringIcSt11char_traitsIcESaIcEEESt10shared_ptrINS_2nn6ModuleEEE4Item5valueEv
FNDA:3,_ZN5torch11OrderedDictINSt7__cxx1112basic_stringIcSt11char_traitsIcESaIcEEESt10shared_ptrINS_2nn6ModuleEEE6insertIS6_S7_INS8_10LinearImplEEEERSA_OT_OT0_
FNDA:2,_ZN5torch11OrderedDictINSt7__cxx1112basic_stringIcSt11char_traitsIcESaIcEEEN2at6TensorEED2Ev
FNDA:1,_ZN5torch11OrderedDictINSt7__cxx1112basic_stringIcSt11char_traitsIcESaIcEEESt10shared_ptrINS_2nn6ModuleEEED2Ev
FNDA:3,_ZNK5torch11OrderedDictINSt7__cxx1112basic_stringIcSt11char_traitsIcESaIcEEESt10shared_ptrINS_2nn6ModuleEEE4sizeEv
FNF:6
FNH:6
DA:42,3
DA:197,3
DA:225,3
DA:226,3
DA:365,3
DA:366,3
DA:369,3
DA:370,3
DA:371,3
DA:441,3
DA:442,3
LF:11
LH:11
end_of_record
TN:
SF:/usr/include/c++/13/bits/alloc_traits.h
FNF:0
FNH:0
DA:482,4830893
DA:517,4264778
DA:538,525703
DA:542,525703
DA:562,256700
DA:574,450805
DA:588,4497150
DA:661,108305
DA:675,0
DA:755,83
DA:759,83
DA:948,4120144
DA:949,4120144
LF:13
LH:12
end_of_record
TN:
SF:/usr/include/c++/13/bits/allocated_ptr.h
FN:53,55,_ZNSt15__allocated_ptrISaISt23_Sp_counted_ptr_inplaceI8MCTSNodeSaIvELN9__gnu_cxx12_Lock_policyE2EEEEC2ERS6_PS5_
FN:71,75,_ZNSt15__allocated_ptrISaISt23_Sp_counted_ptr_inplaceI8MCTSNodeSaIvELN9__gnu_cxx12_Lock_policyE2EEEED2Ev
FN:79,83,_ZNSt15__allocated_ptrISaISt23_Sp_counted_ptr_inplaceI8MCTSNodeSaIvELN9__gnu_cxx12_Lock_policyE2EEEEaSEDn
FN:86,86,_ZNSt15__allocated_ptrISaISt23_Sp_counted_ptr_inplaceI8MCTSNodeSaIvELN9__gnu_cxx12_Lock_policyE2EEEE3getEv
FN:96,99,_ZSt18__allocate_guardedISaISt23_Sp_counted_ptr_inplaceI8MCTSNodeSaIvELN9__gnu_cxx12_Lock_policyE2EEEESt15__allocated_ptrIT_ERS8_
FNDA:108305,_ZNSt15__allocated_ptrISaISt23_Sp_counted_ptr_inplaceI8MCTSNodeSaIvELN9__gnu_cxx12_Lock_policyE2EEEEC2ERS6_PS5_
FNDA:108305,_ZNSt15__allocated_ptrISaISt23_Sp_counted_ptr_inplaceI8MCTSNodeSaIvELN9__gnu_cxx12_Lock_policyE2EEEED2Ev
FNDA:108305,_ZNSt15__allocated_ptrISaISt23_Sp_counted_ptr_inplaceI8MCTSNodeSaIvELN9__gnu_cxx12_Lock_policyE2EEEEaSEDn
FNDA:108305,_ZNSt15__allocated_ptrISaISt23_Sp_counted_ptr_inplaceI8MCTSNodeSaIvELN9__gnu_cxx12_Lock_policyE2EEEE3getEv
FNDA:108305,_ZSt18__allocate_guardedISaISt23_Sp_counted_ptr_inplaceI8MCTSNodeSaIvELN9__gnu_cxx12_Lock_policyE2EEEESt15__allocated_ptrIT_ERS8_
FNF:5
FNH:5
DA:53,108305
DA:54,108305
DA:55,108305
DA:71,108305
DA:73,108305
DA:74,0
DA:75,108305
DA:79,108305
DA:81,108305
DA:82,108305
DA:86,108305
DA:96,108305
DA:98,108305
LF:13
LH:12
end_of_record
TN:
SF:/usr/include/c++/13/bits/allocator.h
FNF:0
FNH:0
DA:163,220533
DA:168,8994514
DA:178,108321
DA:184,4661693
LF:4
LH:4
end_of_record
TN:
SF:/usr/include/c++/13/bits/atomic_base.h
FN:107,110,_ZStanSt12memory_orderSt23__memory_order_modifier
FNDA:0,_ZStanSt12memory_orderSt23__memory_order_modifier
FNF:1
FNH:0
DA:107,0
DA:109,0
DA:501,0
DA:502,0
DA:503,0
DA:505,0
DA:635,6
DA:645,18
LF:8
LH:2
end_of_record
TN:
SF:/usr/include/c++/13/bits/basic_string.h
FN:3674,3676,_ZStplIcSt11char_traitsIcESaIcEENSt7__cxx1112basic_stringIT_T0_T1_EEPKS5_OS8_
FN:3688,3690,_ZStplIcSt11char_traitsIcESaIcEENSt7__cxx1112basic_stringIT_T0_T1_EEOS8_PKS5_
FN:3710,3716,_ZSteqIcSt11char_traitsIcESaIcEEbRKNSt7__cxx1112basic_stringIT_T0_T1_EESA_
FN:4162,4173,_ZNSt7__cxx119to_stringEi
FN:4407,4408,_ZNKSt15__str_hash_baseIcSaIcENSt7__cxx1112basic_stringIcSt11char_traitsIcES0_EEEclERKS5_
FN:641,650,_ZNSt7__cxx1112basic_stringIcSt11char_traitsIcESaIcEEC2IS3_EEPKcRKS3_
FN:664,666,_ZNSt7__cxx1112basic_stringIcSt11char_traitsIcESaIcEEC2IS3_EEmcRKS3_
FNDA:114,_ZStplIcSt11char_traitsIcESaIcEENSt7__cxx1112basic_stringIT_T0_T1_EEPKS5_OS8_
FNDA:174,_ZStplIcSt11char_traitsIcESaIcEENSt7__cxx1112basic_stringIT_T0_T1_EEOS8_PKS5_
FNDA:45,_ZSteqIcSt11char_traitsIcESaIcEEbRKNSt7__cxx1112basic_stringIT_T0_T1_EESA_
FNDA:0,_ZNSt7__cxx119to_stringEi
FNDA:15,_ZNKSt15__str_hash_baseIcSaIcENSt7__cxx1112basic_stringIcSt11char_traitsIcES0_EEEclERKS5_
FNDA:56161,_ZNSt7__cxx1112basic_stringIcSt11char_traitsIcESaIcEEC2IS3_EEPKcRKS3_
FNDA:0,_ZNSt7__cxx1112basic_stringIcSt11char_traitsIcESaIcEEC2IS3_EEmcRKS3_
FNF:7
FNH:5
DA:355,346642
DA:641,56161
DA:642,56161
DA:645,56161
DA:646,0
DA:648,56161
DA:649,56161
DA:650,56161
DA:664,0
DA:665,0
DA:666,0
DA:3674,114
DA:3676,114
DA:3688,174
DA:3690,174
DA:3710,45
DA:3714,45
DA:3715,45
DA:4162,0
DA:4167,0
DA:4168,0
DA:4169,0
DA:4170,0
DA:4171,0
DA:4172,0
DA:4407,15
DA:4408,15
LF:27
LH:16
end_of_record
TN:
SF:/usr/include/c++/13/bits/basic_string.tcc
FN:221,252,_ZNSt7__cxx1112basic_stringIcSt11char_traitsIcESaIcEE12_M_constructIPKcEEvT_S8_St20forward_iterator_tag
FN:221,252,_ZNSt7__cxx1112basic_stringIcSt11char_traitsIcESaIcEE12_M_constructIPcEEvT_S7_St20forward_iterator_tag
FN:239,239,_ZZNSt7__cxx1112basic_stringIcSt11char_traitsIcESaIcEE12_M_constructIPKcEEvT_S8_St20forward_iterator_tagEN6_GuardC2EPS4_
FN:239,239,_ZZNSt7__cxx1112basic_stringIcSt11char_traitsIcESaIcEE12_M_constructIPcEEvT_S7_St20forward_iterator_tagEN6_GuardC2EPS4_
FN:242,242,_ZZNSt7__cxx1112basic_stringIcSt11char_traitsIcESaIcEE12_M_constructIPKcEEvT_S8_St20forward_iterator_tagEN6_GuardD2Ev
FN:242,242,_ZZNSt7__cxx1112basic_stringIcSt11char_traitsIcESaIcEE12_M_constructIPcEEvT_S7_St20forward_iterator_tagEN6_GuardD2Ev
FNDA:354203,_ZNSt7__cxx1112basic_stringIcSt11char_traitsIcESaIcEE12_M_constructIPKcEEvT_S8_St20forward_iterator_tag
FNDA:0,_ZNSt7__cxx1112basic_stringIcSt11char_traitsIcESaIcEE12_M_constructIPcEEvT_S7_St20forward_iterator_tag
FNDA:354203,_ZZNSt7__cxx1112basic_stringIcSt11char_traitsIcESaIcEE12_M_constructIPKcEEvT_S8_St20forward_iterator_tagEN6_GuardC2EPS4_
FNDA:0,_ZZNSt7__cxx1112basic_stringIcSt11char_traitsIcESaIcEE12_M_constructIPcEEvT_S7_St20forward_iterator_tagEN6_GuardC2EPS4_
FNDA:354203,_ZZNSt7__cxx1112basic_stringIcSt11char_traitsIcESaIcEE12_M_constructIPKcEEvT_S8_St20forward_iterator_tagEN6_GuardD2Ev
FNDA:0,_ZZNSt7__cxx1112basic_stringIcSt11char_traitsIcESaIcEE12_M_constructIPcEEvT_S7_St20forward_iterator_tagEN6_GuardD2Ev
FNF:6
FNH:3
DA:221,354203
DA:225,354203
DA:227,354203
DA:229,7561
DA:230,7561
DA:239,354203
DA:242,354203
DA:245,354203
DA:247,354203
DA:249,354203
DA:251,354203
DA:252,354203
LF:12
LH:12
end_of_record
TN:
SF:/usr/include/c++/13/bits/char_traits.h
FN:136,137,_ZN9__gnu_cxx11char_traitsIcE2eqERKcS3_
FN:199,206,_ZN9__gnu_cxx11char_traitsIcE6lengthEPKc
FN:366,371,_ZNSt11char_traitsIcE2ltERKcS2_
FN:374,390,_ZNSt11char_traitsIcE7compareEPKcS2_m
FN:393,400,_ZNSt11char_traitsIcE6lengthEPKc
FN:427,436,_ZNSt11char_traitsIcE4copyEPcPKcm
FNDA:0,_ZN9__gnu_cxx11char_traitsIcE2eqERKcS3_
FNDA:0,_ZN9__gnu_cxx11char_traitsIcE6lengthEPKc
FNDA:0,_ZNSt11char_traitsIcE2ltERKcS2_
FNDA:18,_ZNSt11char_traitsIcE7compareEPKcS2_m
FNDA:56161,_ZNSt11char_traitsIcE6lengthEPKc
FNDA:0,_ZNSt11char_traitsIcE4copyEPcPKcm
FNF:6
FNH:2
DA:136,0
DA:137,0
DA:199,0
DA:202,0
DA:203,0
DA:204,0
DA:205,0
DA:366,0
DA:369,0
DA:370,0
DA:374,18
DA:376,18
DA:377,0
DA:379,18
DA:381,0
DA:382,0
DA:383,0
DA:384,0
DA:385,0
DA:386,0
DA:389,18
DA:393,56161
DA:396,56161
DA:397,0
DA:399,56161
DA:427,0
DA:429,0
DA:430,0
DA:435,0
LF:29
LH:7
end_of_record
TN:
SF:/usr/include/c++/13/bits/charconv.h
FN:55,74,_ZNSt8__detail14__to_chars_lenIjEEjT_i
FN:81,110,_ZNSt8__detail18__to_chars_10_implIjEEvPcjT_
FNDA:0,_ZNSt8__detail14__to_chars_lenIjEEjT_i
FNDA:0,_ZNSt8__detail18__to_chars_10_implIjEEvPcjT_
FNF:2
FNH:0
DA:55,0
DA:61,0
DA:62,0
DA:63,0
DA:64,0
DA:67,0
DA:68,0
DA:69,0
DA:70,0
DA:71,0
DA:72,0
DA:81,0
DA:87,0
DA:93,0
DA:94,0
DA:96,0
DA:97,0
DA:98,0
DA:99,0
DA:100,0
DA:102,0
DA:104,0
DA:105,0
DA:106,0
DA:109,0
DA:110,0
LF:26
LH:0
end_of_record
TN:
SF:/usr/include/c++/13/bits/cpp_type_traits.h
FN:607,608,_ZSt12__miter_baseIN9__gnu_cxx17__normal_iteratorIPKiSt6vectorIiSaIiEEEEET_S8_
FNDA:6745740,_ZSt12__miter_baseIN9__gnu_cxx17__normal_iteratorIPKiSt6vectorIiSaIiEEEEET_S8_
FNF:1
FNH:1
DA:607,6745740
DA:608,6745740
LF:2
LH:2
end_of_record
TN:
SF:/usr/include/c++/13/bits/exception.h
FN:62,62,_ZNSt9exceptionC2Ev
FNDA:0,_ZNSt9exceptionC2Ev
FNF:1
FNH:0
DA:62,0
LF:1
LH:0
end_of_record
TN:
SF:/usr/include/c++/13/bits/functional_hash.h
FN:204,206,_ZNSt10_Hash_impl4hashEPKvmm
FNDA:15,_ZNSt10_Hash_impl4hashEPKvmm
FNF:1
FNH:1
DA:204,15
DA:206,15
LF:2
LH:2
end_of_record
TN:
SF:/usr/include/c++/13/bits/hashtable.h
FN:1595,1610,_ZNSt10_HashtableINSt7__cxx1112basic_stringIcSt11char_traitsIcESaIcEEESt4pairIKS5_mESaIS8_ENSt8__detail10_Select1stESt8equal_toIS5_ESt4hashIS5_ENSA_18_Mod_range_hashingENSA_20_Default_ranged_hashENSA_20_Prime_rehash_policyENSA_17_Hashtable_traitsILb1ELb0ELb1EEEED2Ev
FN:1687,1703,_ZNKSt10_HashtableINSt7__cxx1112basic_stringIcSt11char_traitsIcESaIcEEESt4pairIKS5_mESaIS8_ENSt8__detail10_Select1stESt8equal_toIS5_ESt4hashIS5_ENSA_18_Mod_range_hashingENSA_20_Default_ranged_hashENSA_20_Prime_rehash_policyENSA_17_Hashtable_traitsILb1ELb0ELb1EEEE4findERS7_
FN:1744,1766,_ZNKSt10_HashtableINSt7__cxx1112basic_stringIcSt11char_traitsIcESaIcEEESt4pairIKS5_mESaIS8_ENSt8__detail10_Select1stESt8equal_toIS5_ESt4hashIS5_ENSA_18_Mod_range_hashingENSA_20_Default_ranged_hashENSA_20_Prime_rehash_policyENSA_17_Hashtable_traitsILb1ELb0ELb1EEEE5countERS7_
FN:1948,1970,_ZNKSt10_HashtableINSt7__cxx1112basic_stringIcSt11char_traitsIcESaIcEEESt4pairIKS5_mESaIS8_ENSt8__detail10_Select1stESt8equal_toIS5_ESt4hashIS5_ENSA_18_Mod_range_hashingENSA_20_Default_ranged_hashENSA_20_Prime_rehash_policyENSA_17_Hashtable_traitsILb1ELb0ELb1EEEE19_M_find_before_nodeEmRS7_m
FN:2007,2033,_ZNSt10_HashtableINSt7__cxx1112basic_stringIcSt11char_traitsIcESaIcEEESt4pairIKS5_mESaIS8_ENSt8__detail10_Select1stESt8equal_toIS5_ESt4hashIS5_ENSA_18_Mod_range_hashingENSA_20_Default_ranged_hashENSA_20_Prime_rehash_policyENSA_17_Hashtable_traitsILb1ELb0ELb1EEEE22_M_insert_bucket_beginEmPNSA_10_Hash_nodeIS8_Lb1EEE
FN:2081,2108,_ZNSt10_HashtableINSt7__cxx1112basic_stringIcSt11char_traitsIcESaIcEEESt4pairIKS5_mESaIS8_ENSt8__detail10_Select1stESt8equal_toIS5_ESt4hashIS5_ENSA_18_Mod_range_hashingENSA_20_Default_ranged_hashENSA_20_Prime_rehash_policyENSA_17_Hashtable_traitsILb1ELb0ELb1EEEE10_M_emplaceIJS5_mEEES6_INSA_14_Node_iteratorIS8_Lb0ELb1EEEbESt17integral_constantIbLb1EEDpOT_
FN:2166,2189,_ZNSt10_HashtableINSt7__cxx1112basic_stringIcSt11char_traitsIcESaIcEEESt4pairIKS5_mESaIS8_ENSt8__detail10_Select1stESt8equal_toIS5_ESt4hashIS5_ENSA_18_Mod_range_hashingENSA_20_Default_ranged_hashENSA_20_Prime_rehash_policyENSA_17_Hashtable_traitsILb1ELb0ELb1EEEE21_M_insert_unique_nodeEmmPNSA_10_Hash_nodeIS8_Lb1EEEm
FN:2520,2529,_ZNSt10_HashtableINSt7__cxx1112basic_stringIcSt11char_traitsIcESaIcEEESt4pairIKS5_mESaIS8_ENSt8__detail10_Select1stESt8equal_toIS5_ESt4hashIS5_ENSA_18_Mod_range_hashingENSA_20_Default_ranged_hashENSA_20_Prime_rehash_policyENSA_17_Hashtable_traitsILb1ELb0ELb1EEEE5clearEv
FN:2559,2574,_ZNSt10_HashtableINSt7__cxx1112basic_stringIcSt11char_traitsIcESaIcEEESt4pairIKS5_mESaIS8_ENSt8__detail10_Select1stESt8equal_toIS5_ESt4hashIS5_ENSA_18_Mod_range_hashingENSA_20_Default_ranged_hashENSA_20_Prime_rehash_policyENSA_17_Hashtable_traitsILb1ELb0ELb1EEEE9_M_rehashEmRKm
FN:2582,2616,_ZNSt10_HashtableINSt7__cxx1112basic_stringIcSt11char_traitsIcESaIcEEESt4pairIKS5_mESaIS8_ENSt8__detail10_Select1stESt8equal_toIS5_ESt4hashIS5_ENSA_18_Mod_range_hashingENSA_20_Default_ranged_hashENSA_20_Prime_rehash_policyENSA_17_Hashtable_traitsILb1ELb0ELb1EEEE13_M_rehash_auxEmSt17integral_constantIbLb1EE
FN:305,308,_ZNSt10_HashtableINSt7__cxx1112basic_stringIcSt11char_traitsIcESaIcEEESt4pairIKS5_mESaIS8_ENSt8__detail10_Select1stESt8equal_toIS5_ESt4hashIS5_ENSA_18_Mod_range_hashingENSA_20_Default_ranged_hashENSA_20_Prime_rehash_policyENSA_17_Hashtable_traitsILb1ELb0ELb1EEEE12_Scoped_nodeC2IJS5_mEEEPNSA_16_Hashtable_allocISaINSA_10_Hash_nodeIS8_Lb1EEEEEEDpOT_
FN:311,311,_ZNSt10_HashtableINSt7__cxx1112basic_stringIcSt11char_traitsIcESaIcEEESt4pairIKS5_mESaIS8_ENSt8__detail10_Select1stESt8equal_toIS5_ESt4hashIS5_ENSA_18_Mod_range_hashingENSA_20_Default_ranged_hashENSA_20_Prime_rehash_policyENSA_17_Hashtable_traitsILb1ELb0ELb1EEEE12_Scoped_nodeD2Ev
FN:416,417,_ZNKSt10_HashtableINSt7__cxx1112basic_stringIcSt11char_traitsIcESaIcEEESt4pairIKS5_mESaIS8_ENSt8__detail10_Select1stESt8equal_toIS5_ESt4hashIS5_ENSA_18_Mod_range_hashingENSA_20_Default_ranged_hashENSA_20_Prime_rehash_policyENSA_17_Hashtable_traitsILb1ELb0ELb1EEEE21_M_uses_single_bucketEPPNSA_15_Hash_node_baseE
FN:424,428,_ZNSt10_HashtableINSt7__cxx1112basic_stringIcSt11char_traitsIcESaIcEEESt4pairIKS5_mESaIS8_ENSt8__detail10_Select1stESt8equal_toIS5_ESt4hashIS5_ENSA_18_Mod_range_hashingENSA_20_Default_ranged_hashENSA_20_Prime_rehash_policyENSA_17_Hashtable_traitsILb1ELb0ELb1EEEE22__small_size_thresholdEv
FN:434,443,_ZNSt10_HashtableINSt7__cxx1112basic_stringIcSt11char_traitsIcESaIcEEESt4pairIKS5_mESaIS8_ENSt8__detail10_Select1stESt8equal_toIS5_ESt4hashIS5_ENSA_18_Mod_range_hashingENSA_20_Default_ranged_hashENSA_20_Prime_rehash_policyENSA_17_Hashtable_traitsILb1ELb0ELb1EEEE19_M_allocate_bucketsEm
FN:446,452,_ZNSt10_HashtableINSt7__cxx1112basic_stringIcSt11char_traitsIcESaIcEEESt4pairIKS5_mESaIS8_ENSt8__detail10_Select1stESt8equal_toIS5_ESt4hashIS5_ENSA_18_Mod_range_hashingENSA_20_Default_ranged_hashENSA_20_Prime_rehash_policyENSA_17_Hashtable_traitsILb1ELb0ELb1EEEE21_M_deallocate_bucketsEPPNSA_15_Hash_node_baseEm
FN:455,456,_ZNSt10_HashtableINSt7__cxx1112basic_stringIcSt11char_traitsIcESaIcEEESt4pairIKS5_mESaIS8_ENSt8__detail10_Select1stESt8equal_toIS5_ESt4hashIS5_ENSA_18_Mod_range_hashingENSA_20_Default_ranged_hashENSA_20_Prime_rehash_policyENSA_17_Hashtable_traitsILb1ELb0ELb1EEEE21_M_deallocate_bucketsEv
FN:464,465,_ZNKSt10_HashtableINSt7__cxx1112basic_stringIcSt11char_traitsIcESaIcEEESt4pairIKS5_mESaIS8_ENSt8__detail10_Select1stESt8equal_toIS5_ESt4hashIS5_ENSA_18_Mod_range_hashingENSA_20_Default_ranged_hashENSA_20_Prime_rehash_policyENSA_17_Hashtable_traitsILb1ELb0ELb1EEEE8_M_beginEv
FN:623,624,_ZNSt10_HashtableINSt7__cxx1112basic_stringIcSt11char_traitsIcESaIcEEESt4pairIKS5_mESaIS8_ENSt8__detail10_Select1stESt8equal_toIS5_ESt4hashIS5_ENSA_18_Mod_range_hashingENSA_20_Default_ranged_hashENSA_20_Prime_rehash_policyENSA_17_Hashtable_traitsILb1ELb0ELb1EEEE5beginEv
FN:627,628,_ZNKSt10_HashtableINSt7__cxx1112basic_stringIcSt11char_traitsIcESaIcEEESt4pairIKS5_mESaIS8_ENSt8__detail10_Select1stESt8equal_toIS5_ESt4hashIS5_ENSA_18_Mod_range_hashingENSA_20_Default_ranged_hashENSA_20_Prime_rehash_policyENSA_17_Hashtable_traitsILb1ELb0ELb1EEEE5beginEv
FN:631,632,_ZNSt10_HashtableINSt7__cxx1112basic_stringIcSt11char_traitsIcESaIcEEESt4pairIKS5_mESaIS8_ENSt8__detail10_Select1stESt8equal_toIS5_ESt4hashIS5_ENSA_18_Mod_range_hashingENSA_20_Default_ranged_hashENSA_20_Prime_rehash_policyENSA_17_Hashtable_traitsILb1ELb0ELb1EEEE3endEv
FN:635,636,_ZNKSt10_HashtableINSt7__cxx1112basic_stringIcSt11char_traitsIcESaIcEEESt4pairIKS5_mESaIS8_ENSt8__detail10_Select1stESt8equal_toIS5_ESt4hashIS5_ENSA_18_Mod_range_hashingENSA_20_Default_ranged_hashENSA_20_Prime_rehash_policyENSA_17_Hashtable_traitsILb1ELb0ELb1EEEE3endEv
FN:647,648,_ZNKSt10_HashtableINSt7__cxx1112basic_stringIcSt11char_traitsIcESaIcEEESt4pairIKS5_mESaIS8_ENSt8__detail10_Select1stESt8equal_toIS5_ESt4hashIS5_ENSA_18_Mod_range_hashingENSA_20_Default_ranged_hashENSA_20_Prime_rehash_policyENSA_17_Hashtable_traitsILb1ELb0ELb1EEEE4sizeEv
FN:792,793,_ZNKSt10_HashtableINSt7__cxx1112basic_stringIcSt11char_traitsIcESaIcEEESt4pairIKS5_mESaIS8_ENSt8__detail10_Select1stESt8equal_toIS5_ESt4hashIS5_ENSA_18_Mod_range_hashingENSA_20_Default_ranged_hashENSA_20_Prime_rehash_policyENSA_17_Hashtable_traitsILb1ELb0ELb1EEEE15_M_bucket_indexERKNSA_16_Hash_node_valueIS8_Lb1EEE
FN:796,797,_ZNKSt10_HashtableINSt7__cxx1112basic_stringIcSt11char_traitsIcESaIcEEESt4pairIKS5_mESaIS8_ENSt8__detail10_Select1stESt8equal_toIS5_ESt4hashIS5_ENSA_18_Mod_range_hashingENSA_20_Default_ranged_hashENSA_20_Prime_rehash_policyENSA_17_Hashtable_traitsILb1ELb0ELb1EEEE15_M_bucket_indexEm
FN:812,819,_ZNKSt10_HashtableINSt7__cxx1112basic_stringIcSt11char_traitsIcESaIcEEESt4pairIKS5_mESaIS8_ENSt8__detail10_Select1stESt8equal_toIS5_ESt4hashIS5_ENSA_18_Mod_range_hashingENSA_20_Default_ranged_hashENSA_20_Prime_rehash_policyENSA_17_Hashtable_traitsILb1ELb0ELb1EEEE12_M_find_nodeEmRS7_m
FN:960,961,_ZNSt10_HashtableINSt7__cxx1112basic_stringIcSt11char_traitsIcESaIcEEESt4pairIKS5_mESaIS8_ENSt8__detail10_Select1stESt8equal_toIS5_ESt4hashIS5_ENSA_18_Mod_range_hashingENSA_20_Default_ranged_hashENSA_20_Prime_rehash_policyENSA_17_Hashtable_traitsILb1ELb0ELb1EEEE7emplaceIJS5_mEEES6_INSA_14_Node_iteratorIS8_Lb0ELb1EEEbEDpOT_
FNDA:17,_ZNSt10_HashtableINSt7__cxx1112basic_stringIcSt11char_traitsIcESaIcEEESt4pairIKS5_mESaIS8_ENSt8__detail10_Select1stESt8equal_toIS5_ESt4hashIS5_ENSA_18_Mod_range_hashingENSA_20_Default_ranged_hashENSA_20_Prime_rehash_policyENSA_17_Hashtable_traitsILb1ELb0ELb1EEEED2Ev
FNDA:21,_ZNKSt10_HashtableINSt7__cxx1112basic_stringIcSt11char_traitsIcESaIcEEESt4pairIKS5_mESaIS8_ENSt8__detail10_Select1stESt8equal_toIS5_ESt4hashIS5_ENSA_18_Mod_range_hashingENSA_20_Default_ranged_hashENSA_20_Prime_rehash_policyENSA_17_Hashtable_traitsILb1ELb0ELb1EEEE4findERS7_
FNDA:21,_ZNKSt10_HashtableINSt7__cxx1112basic_stringIcSt11char_traitsIcESaIcEEESt4pairIKS5_mESaIS8_ENSt8__detail10_Select1stESt8equal_toIS5_ESt4hashIS5_ENSA_18_Mod_range_hashingENSA_20_Default_ranged_hashENSA_20_Prime_rehash_policyENSA_17_Hashtable_traitsILb1ELb0ELb1EEEE5countERS7_
FNDA:6,_ZNKSt10_HashtableINSt7__cxx1112basic_stringIcSt11char_traitsIcESaIcEEESt4pairIKS5_mESaIS8_ENSt8__detail10_Select1stESt8equal_toIS5_ESt4hashIS5_ENSA_18_Mod_range_hashingENSA_20_Default_ranged_hashENSA_20_Prime_rehash_policyENSA_17_Hashtable_traitsILb1ELb0ELb1EEEE19_M_find_before_nodeEmRS7_m
FNDA:21,_ZNSt10_HashtableINSt7__cxx1112basic_stringIcSt11char_traitsIcESaIcEEESt4pairIKS5_mESaIS8_ENSt8__detail10_Select1stESt8equal_toIS5_ESt4hashIS5_ENSA_18_Mod_range_hashingENSA_20_Default_ranged_hashENSA_20_Prime_rehash_policyENSA_17_Hashtable_traitsILb1ELb0ELb1EEEE22_M_insert_bucket_beginEmPNSA_10_Hash_nodeIS8_Lb1EEE
FNDA:15,_ZNSt10_HashtableINSt7__cxx1112basic_stringIcSt11char_traitsIcESaIcEEESt4pairIKS5_mESaIS8_ENSt8__detail10_Select1stESt8equal_toIS5_ESt4hashIS5_ENSA_18_Mod_range_hashingENSA_20_Default_ranged_hashENSA_20_Prime_rehash_policyENSA_17_Hashtable_traitsILb1ELb0ELb1EEEE10_M_emplaceIJS5_mEEES6_INSA_14_Node_iteratorIS8_Lb0ELb1EEEbESt17integral_constantIbLb1EEDpOT_
FNDA:21,_ZNSt10_HashtableINSt7__cxx1112basic_stringIcSt11char_traitsIcESaIcEEESt4pairIKS5_mESaIS8_ENSt8__detail10_Select1stESt8equal_toIS5_ESt4hashIS5_ENSA_18_Mod_range_hashingENSA_20_Default_ranged_hashENSA_20_Prime_rehash_policyENSA_17_Hashtable_traitsILb1ELb0ELb1EEEE21_M_insert_unique_nodeEmmPNSA_10_Hash_nodeIS8_Lb1EEEm
FNDA:17,_ZNSt10_HashtableINSt7__cxx1112basic_stringIcSt11char_traitsIcESaIcEEESt4pairIKS5_mESaIS8_ENSt8__detail10_Select1stESt8equal_toIS5_ESt4hashIS5_ENSA_18_Mod_range_hashingENSA_20_Default_ranged_hashENSA_20_Prime_rehash_policyENSA_17_Hashtable_traitsILb1ELb0ELb1EEEE5clearEv
FNDA:8,_ZNSt10_HashtableINSt7__cxx1112basic_stringIcSt11char_traitsIcESaIcEEESt4pairIKS5_mESaIS8_ENSt8__detail10_Select1stESt8equal_toIS5_ESt4hashIS5_ENSA_18_Mod_range_hashingENSA_20_Default_ranged_hashENSA_20_Prime_rehash_policyENSA_17_Hashtable_traitsILb1ELb0ELb1EEEE9_M_rehashEmRKm
FNDA:8,_ZNSt10_HashtableINSt7__cxx1112basic_stringIcSt11char_traitsIcESaIcEEESt4pairIKS5_mESaIS8_ENSt8__detail10_Select1stESt8equal_toIS5_ESt4hashIS5_ENSA_18_Mod_range_hashingENSA_20_Default_ranged_hashENSA_20_Prime_rehash_policyENSA_17_Hashtable_traitsILb1ELb0ELb1EEEE13_M_rehash_auxEmSt17integral_constantIbLb1EE
FNDA:15,_ZNSt10_HashtableINSt7__cxx1112basic_stringIcSt11char_traitsIcESaIcEEESt4pairIKS5_mESaIS8_ENSt8__detail10_Select1stESt8equal_toIS5_ESt4hashIS5_ENSA_18_Mod_range_hashingENSA_20_Default_ranged_hashENSA_20_Prime_rehash_policyENSA_17_Hashtable_traitsILb1ELb0ELb1EEEE12_Scoped_nodeC2IJS5_mEEEPNSA_16_Hashtable_allocISaINSA_10_Hash_nodeIS8_Lb1EEEEEEDpOT_
FNDA:15,_ZNSt10_HashtableINSt7__cxx1112basic_stringIcSt11char_traitsIcESaIcEEESt4pairIKS5_mESaIS8_ENSt8__detail10_Select1stESt8equal_toIS5_ESt4hashIS5_ENSA_18_Mod_range_hashingENSA_20_Default_ranged_hashENSA_20_Prime_rehash_policyENSA_17_Hashtable_traitsILb1ELb0ELb1EEEE12_Scoped_nodeD2Ev
FNDA:25,_ZNKSt10_HashtableINSt7__cxx1112basic_stringIcSt11char_traitsIcESaIcEEESt4pairIKS5_mESaIS8_ENSt8__detail10_Select1stESt8equal_toIS5_ESt4hashIS5_ENSA_18_Mod_range_hashingENSA_20_Default_ranged_hashENSA_20_Prime_rehash_policyENSA_17_Hashtable_traitsILb1ELb0ELb1EEEE21_M_uses_single_bucketEPPNSA_15_Hash_node_baseE
FNDA:51,_ZNSt10_HashtableINSt7__cxx1112basic_stringIcSt11char_traitsIcESaIcEEESt4pairIKS5_mESaIS8_ENSt8__detail10_Select1stESt8equal_toIS5_ESt4hashIS5_ENSA_18_Mod_range_hashingENSA_20_Default_ranged_hashENSA_20_Prime_rehash_policyENSA_17_Hashtable_traitsILb1ELb0ELb1EEEE22__small_size_thresholdEv
FNDA:8,_ZNSt10_HashtableINSt7__cxx1112basic_stringIcSt11char_traitsIcESaIcEEESt4pairIKS5_mESaIS8_ENSt8__detail10_Select1stESt8equal_toIS5_ESt4hashIS5_ENSA_18_Mod_range_hashingENSA_20_Default_ranged_hashENSA_20_Prime_rehash_policyENSA_17_Hashtable_traitsILb1ELb0ELb1EEEE19_M_allocate_bucketsEm
FNDA:25,_ZNSt10_HashtableINSt7__cxx1112basic_stringIcSt11char_traitsIcESaIcEEESt4pairIKS5_mESaIS8_ENSt8__detail10_Select1stESt8equal_toIS5_ESt4hashIS5_ENSA_18_Mod_range_hashingENSA_20_Default_ranged_hashENSA_20_Prime_rehash_policyENSA_17_Hashtable_traitsILb1ELb0ELb1EEEE21_M_deallocate_bucketsEPPNSA_15_Hash_node_baseEm
FNDA:25,_ZNSt10_HashtableINSt7__cxx1112basic_stringIcSt11char_traitsIcESaIcEEESt4pairIKS5_mESaIS8_ENSt8__detail10_Select1stESt8equal_toIS5_ESt4hashIS5_ENSA_18_Mod_range_hashingENSA_20_Default_ranged_hashENSA_20_Prime_rehash_policyENSA_17_Hashtable_traitsILb1ELb0ELb1EEEE21_M_deallocate_bucketsEv
FNDA:61,_ZNKSt10_HashtableINSt7__cxx1112basic_stringIcSt11char_traitsIcESaIcEEESt4pairIKS5_mESaIS8_ENSt8__detail10_Select1stESt8equal_toIS5_ESt4hashIS5_ENSA_18_Mod_range_hashingENSA_20_Default_ranged_hashENSA_20_Prime_rehash_policyENSA_17_Hashtable_traitsILb1ELb0ELb1EEEE8_M_beginEv
FNDA:15,_ZNSt10_HashtableINSt7__cxx1112basic_stringIcSt11char_traitsIcESaIcEEESt4pairIKS5_mESaIS8_ENSt8__detail10_Select1stESt8equal_toIS5_ESt4hashIS5_ENSA_18_Mod_range_hashingENSA_20_Default_ranged_hashENSA_20_Prime_rehash_policyENSA_17_Hashtable_traitsILb1ELb0ELb1EEEE5beginEv
FNDA:21,_ZNKSt10_HashtableINSt7__cxx1112basic_stringIcSt11char_traitsIcESaIcEEESt4pairIKS5_mESaIS8_ENSt8__detail10_Select1stESt8equal_toIS5_ESt4hashIS5_ENSA_18_Mod_range_hashingENSA_20_Default_ranged_hashENSA_20_Prime_rehash_policyENSA_17_Hashtable_traitsILb1ELb0ELb1EEEE5beginEv
FNDA:36,_ZNSt10_HashtableINSt7__cxx1112basic_stringIcSt11char_traitsIcESaIcEEESt4pairIKS5_mESaIS8_ENSt8__detail10_Select1stESt8equal_toIS5_ESt4hashIS5_ENSA_18_Mod_range_hashingENSA_20_Default_ranged_hashENSA_20_Prime_rehash_policyENSA_17_Hashtable_traitsILb1ELb0ELb1EEEE3endEv
FNDA:66,_ZNKSt10_HashtableINSt7__cxx1112basic_stringIcSt11char_traitsIcESaIcEEESt4pairIKS5_mESaIS8_ENSt8__detail10_Select1stESt8equal_toIS5_ESt4hashIS5_ENSA_18_Mod_range_hashingENSA_20_Default_ranged_hashENSA_20_Prime_rehash_policyENSA_17_Hashtable_traitsILb1ELb0ELb1EEEE3endEv
FNDA:51,_ZNKSt10_HashtableINSt7__cxx1112basic_stringIcSt11char_traitsIcESaIcEEESt4pairIKS5_mESaIS8_ENSt8__detail10_Select1stESt8equal_toIS5_ESt4hashIS5_ENSA_18_Mod_range_hashingENSA_20_Default_ranged_hashENSA_20_Prime_rehash_policyENSA_17_Hashtable_traitsILb1ELb0ELb1EEEE4sizeEv
FNDA:12,_ZNKSt10_HashtableINSt7__cxx1112basic_stringIcSt11char_traitsIcESaIcEEESt4pairIKS5_mESaIS8_ENSt8__detail10_Select1stESt8equal_toIS5_ESt4hashIS5_ENSA_18_Mod_range_hashingENSA_20_Default_ranged_hashENSA_20_Prime_rehash_policyENSA_17_Hashtable_traitsILb1ELb0ELb1EEEE15_M_bucket_indexERKNSA_16_Hash_node_valueIS8_Lb1EEE
FNDA:23,_ZNKSt10_HashtableINSt7__cxx1112basic_stringIcSt11char_traitsIcESaIcEEESt4pairIKS5_mESaIS8_ENSt8__detail10_Select1stESt8equal_toIS5_ESt4hashIS5_ENSA_18_Mod_range_hashingENSA_20_Default_ranged_hashENSA_20_Prime_rehash_policyENSA_17_Hashtable_traitsILb1ELb0ELb1EEEE15_M_bucket_indexEm
FNDA:0,_ZNKSt10_HashtableINSt7__cxx1112basic_stringIcSt11char_traitsIcESaIcEEESt4pairIKS5_mESaIS8_ENSt8__detail10_Select1stESt8equal_toIS5_ESt4hashIS5_ENSA_18_Mod_range_hashingENSA_20_Default_ranged_hashENSA_20_Prime_rehash_policyENSA_17_Hashtable_traitsILb1ELb0ELb1EEEE12_M_find_nodeEmRS7_m
FNDA:3,_ZNSt10_HashtableINSt7__cxx1112basic_stringIcSt11char_traitsIcESaIcEEESt4pairIKS5_mESaIS8_ENSt8__detail10_Select1stESt8equal_toIS5_ESt4hashIS5_ENSA_18_Mod_range_hashingENSA_20_Default_ranged_hashENSA_20_Prime_rehash_policyENSA_17_Hashtable_traitsILb1ELb0ELb1EEEE7emplaceIJS5_mEEES6_INSA_14_Node_iteratorIS8_Lb0ELb1EEEbEDpOT_
FNF:27
FNH:26
DA:305,15
DA:306,15
DA:307,15
DA:308,15
DA:311,15
DA:416,25
DA:417,25
DA:424,51
DA:427,51
DA:434,8
DA:436,8
DA:438,0
DA:439,0
DA:442,8
DA:446,25
DA:448,25
DA:449,17
DA:451,8
DA:455,25
DA:456,25
DA:464,61
DA:465,61
DA:623,15
DA:624,15
DA:627,21
DA:628,21
DA:631,36
DA:632,36
DA:635,66
DA:636,66
DA:647,51
DA:648,51
DA:792,12
DA:793,12
DA:796,23
DA:797,23
DA:812,0
DA:815,0
DA:816,0
DA:817,0
DA:818,0
DA:960,3
DA:961,3
DA:1595,17
DA:1608,17
DA:1609,17
DA:1610,17
DA:1687,21
DA:1692,21
DA:1694,45
DA:1695,24
DA:1696,0
DA:1697,21
DA:1700,0
DA:1701,0
DA:1702,0
DA:1744,21
DA:1749,21
DA:1750,21
DA:1751,21
DA:1754,0
DA:1948,6
DA:1954,6
DA:1955,6
DA:1956,6
DA:1958,0
DA:1959,0
DA:1961,0
DA:1962,0
DA:1964,0
DA:1965,0
DA:1966,0
DA:1969,0
DA:2007,21
DA:2011,21
DA:2015,1
DA:2016,1
DA:2023,20
DA:2024,20
DA:2026,20
DA:2029,12
DA:2031,20
DA:2033,21
DA:2081,15
DA:2087,15
DA:2088,30
DA:2089,15
DA:2091,36
DA:2092,21
DA:2094,0
DA:2097,15
DA:2098,15
DA:2099,15
DA:2100,0
DA:2102,0
DA:2105,15
DA:2106,15
DA:2107,15
DA:2108,15
DA:2166,21
DA:2172,21
DA:2174,21
DA:2177,21
DA:2179,8
DA:2180,8
DA:2183,21
DA:2186,21
DA:2187,21
DA:2188,21
DA:2520,17
DA:2524,17
DA:2525,17
DA:2526,17
DA:2527,17
DA:2528,17
DA:2529,17
DA:2559,8
DA:2565,8
DA:2567,0
DA:2571,0
DA:2572,0
DA:2574,8
DA:2582,8
DA:2586,8
DA:2587,8
DA:2588,8
DA:2589,8
DA:2590,8
DA:2592,0
DA:2594,0
DA:2595,0
DA:2597,0
DA:2598,0
DA:2599,0
DA:2600,0
DA:2601,0
DA:2602,0
DA:2606,0
DA:2607,0
DA:2610,0
DA:2613,8
DA:2614,8
DA:2615,8
DA:2616,8
LF:144
LH:106
end_of_record
TN:
SF:/usr/include/c++/13/bits/hashtable_policy.h
FN:112,113,_ZNKSt8__detail10_Select1stclIRKSt4pairIKNSt7__cxx1112basic_stringIcSt11char_traitsIcESaIcEEEmEEEONS0_10__1st_typeIT_E4typeEOSE_
FN:112,113,_ZNKSt8__detail10_Select1stclIRSt4pairIKNSt7__cxx1112basic_stringIcSt11char_traitsIcESaIcEEEmEEEONS0_10__1st_typeIT_E4typeEOSD_
FN:1225,1225,_ZNKSt8__detail21_Hashtable_ebo_helperILi0ESt8equal_toINSt7__cxx1112basic_stringIcSt11char_traitsIcESaIcEEEELb1EE7_M_cgetEv
FN:1225,1225,_ZNKSt8__detail21_Hashtable_ebo_helperILi1ESt4hashINSt7__cxx1112basic_stringIcSt11char_traitsIcESaIcEEEELb1EE7_M_cgetEv
FN:1226,1226,_ZNSt8__detail21_Hashtable_ebo_helperILi0ESaINS_10_Hash_nodeISt4pairIKNSt7__cxx1112basic_stringIcSt11char_traitsIcESaIcEEEmELb1EEEELb1EE6_M_getEv
FN:1306,1311,_ZNKSt8__detail15_Hash_code_baseINSt7__cxx1112basic_stringIcSt11char_traitsIcESaIcEEESt4pairIKS6_mENS_10_Select1stESt4hashIS6_ENS_18_Mod_range_hashingENS_20_Default_ranged_hashELb1EE12_M_hash_codeERS8_
FN:1331,1332,_ZNKSt8__detail15_Hash_code_baseINSt7__cxx1112basic_stringIcSt11char_traitsIcESaIcEEESt4pairIKS6_mENS_10_Select1stESt4hashIS6_ENS_18_Mod_range_hashingENS_20_Default_ranged_hashELb1EE15_M_bucket_indexEmm
FN:1346,1350,_ZNKSt8__detail15_Hash_code_baseINSt7__cxx1112basic_stringIcSt11char_traitsIcESaIcEEESt4pairIKS6_mENS_10_Select1stESt4hashIS6_ENS_18_Mod_range_hashingENS_20_Default_ranged_hashELb1EE15_M_bucket_indexERKNS_16_Hash_node_valueIS9_Lb1EEEm
FN:1362,1363,_ZNKSt8__detail15_Hash_code_baseINSt7__cxx1112basic_stringIcSt11char_traitsIcESaIcEEESt4pairIKS6_mENS_10_Select1stESt4hashIS6_ENS_18_Mod_range_hashingENS_20_Default_ranged_hashELb1EE13_M_store_codeERNS_21_Hash_node_code_cacheILb1EEEm
FN:1375,1375,_ZNKSt8__detail15_Hash_code_baseINSt7__cxx1112basic_stringIcSt11char_traitsIcESaIcEEESt4pairIKS6_mENS_10_Select1stESt4hashIS6_ENS_18_Mod_range_hashingENS_20_Default_ranged_hashELb1EE7_M_hashEv
FN:1692,1693,_ZNSt8__detail15_Hashtable_baseINSt7__cxx1112basic_stringIcSt11char_traitsIcESaIcEEESt4pairIKS6_mENS_10_Select1stESt8equal_toIS6_ESt4hashIS6_ENS_18_Mod_range_hashingENS_20_Default_ranged_hashENS_17_Hashtable_traitsILb1ELb0ELb1EEEE9_S_equalsEmRKNS_21_Hash_node_code_cacheILb1EEE
FN:1708,1716,_ZNKSt8__detail15_Hashtable_baseINSt7__cxx1112basic_stringIcSt11char_traitsIcESaIcEEESt4pairIKS6_mENS_10_Select1stESt8equal_toIS6_ESt4hashIS6_ENS_18_Mod_range_hashingENS_20_Default_ranged_hashENS_17_Hashtable_traitsILb1ELb0ELb1EEEE13_M_key_equalsERS8_RKNS_16_Hash_node_valueIS9_Lb1EEE
FN:1732,1734,_ZNKSt8__detail15_Hashtable_baseINSt7__cxx1112basic_stringIcSt11char_traitsIcESaIcEEESt4pairIKS6_mENS_10_Select1stESt8equal_toIS6_ESt4hashIS6_ENS_18_Mod_range_hashingENS_20_Default_ranged_hashENS_17_Hashtable_traitsILb1ELb0ELb1EEEE9_M_equalsERS8_mRKNS_16_Hash_node_valueIS9_Lb1EEE
FN:1760,1760,_ZNKSt8__detail15_Hashtable_baseINSt7__cxx1112basic_stringIcSt11char_traitsIcESaIcEEESt4pairIKS6_mENS_10_Select1stESt8equal_toIS6_ESt4hashIS6_ENS_18_Mod_range_hashingENS_20_Default_ranged_hashENS_17_Hashtable_traitsILb1ELb0ELb1EEEE5_M_eqEv
FN:1950,1951,_ZNSt8__detail16_Hashtable_allocISaINS_10_Hash_nodeISt4pairIKNSt7__cxx1112basic_stringIcSt11char_traitsIcESaIcEEEmELb1EEEEE17_M_node_allocatorEv
FN:1987,2005,_ZNSt8__detail16_Hashtable_allocISaINS_10_Hash_nodeISt4pairIKNSt7__cxx1112basic_stringIcSt11char_traitsIcESaIcEEEmELb1EEEEE16_M_allocate_nodeIJS8_mEEEPSB_DpOT_
FN:2009,2013,_ZNSt8__detail16_Hashtable_allocISaINS_10_Hash_nodeISt4pairIKNSt7__cxx1112basic_stringIcSt11char_traitsIcESaIcEEEmELb1EEEEE18_M_deallocate_nodeEPSB_
FN:2017,2023,_ZNSt8__detail16_Hashtable_allocISaINS_10_Hash_nodeISt4pairIKNSt7__cxx1112basic_stringIcSt11char_traitsIcESaIcEEEmELb1EEEEE22_M_deallocate_node_ptrEPSB_
FN:2027,2035,_ZNSt8__detail16_Hashtable_allocISaINS_10_Hash_nodeISt4pairIKNSt7__cxx1112basic_stringIcSt11char_traitsIcESaIcEEEmELb1EEEEE19_M_deallocate_nodesEPSB_
FN:2039,2048,_ZNSt8__detail16_Hashtable_allocISaINS_10_Hash_nodeISt4pairIKNSt7__cxx1112basic_stringIcSt11char_traitsIcESaIcEEEmELb1EEEEE19_M_allocate_bucketsEm
FN:2052,2060,_ZNSt8__detail16_Hashtable_allocISaINS_10_Hash_nodeISt4pairIKNSt7__cxx1112basic_stringIcSt11char_traitsIcESaIcEEEmELb1EEEEE21_M_deallocate_bucketsEPPNS_15_Hash_node_baseEm
FN:297,298,_ZNSt8__detail22_Hashtable_hash_traitsISt4hashINSt7__cxx1112basic_stringIcSt11char_traitsIcESaIcEEEEE22__small_size_thresholdEv
FN:313,313,_ZNSt8__detail15_Hash_node_baseC2Ev
FN:380,381,_ZNKSt8__detail10_Hash_nodeISt4pairIKNSt7__cxx1112basic_stringIcSt11char_traitsIcESaIcEEEmELb1EE7_M_nextEv
FN:393,394,_ZNSt8__detail19_Node_iterator_baseISt4pairIKNSt7__cxx1112basic_stringIcSt11char_traitsIcESaIcEEEmELb1EEC2EPNS_10_Hash_nodeIS9_Lb1EEE
FN:397,398,_ZNSt8__detail19_Node_iterator_baseISt4pairIKNSt7__cxx1112basic_stringIcSt11char_traitsIcESaIcEEEmELb1EE7_M_incrEv
FN:407,409,_ZNSt8__detailneERKNS_19_Node_iterator_baseISt4pairIKNSt7__cxx1112basic_stringIcSt11char_traitsIcESaIcEEEmELb1EEESC_
FN:436,437,_ZNSt8__detail14_Node_iteratorISt4pairIKNSt7__cxx1112basic_stringIcSt11char_traitsIcESaIcEEEmELb0ELb1EEC2EPNS_10_Hash_nodeIS9_Lb1EEE
FN:448,452,_ZNSt8__detail14_Node_iteratorISt4pairIKNSt7__cxx1112basic_stringIcSt11char_traitsIcESaIcEEEmELb0ELb1EEppEv
FN:483,484,_ZNSt8__detail20_Node_const_iteratorISt4pairIKNSt7__cxx1112basic_stringIcSt11char_traitsIcESaIcEEEmELb0ELb1EEC2EPNS_10_Hash_nodeIS9_Lb1EEE
FN:499,503,_ZNSt8__detail20_Node_const_iteratorISt4pairIKNSt7__cxx1112basic_stringIcSt11char_traitsIcESaIcEEEmELb0ELb1EEppEv
FN:526,528,_ZNKSt8__detail18_Mod_range_hashingclEmm
FN:571,572,_ZNKSt8__detail20_Prime_rehash_policy8_M_stateEv
FN:579,580,_ZNSt8__detail20_Prime_rehash_policy8_M_resetEm
FNDA:45,_ZNKSt8__detail10_Select1stclIRKSt4pairIKNSt7__cxx1112basic_stringIcSt11char_traitsIcESaIcEEEmEEEONS0_10__1st_typeIT_E4typeEOSE_
FNDA:15,_ZNKSt8__detail10_Select1stclIRSt4pairIKNSt7__cxx1112basic_stringIcSt11char_traitsIcESaIcEEEmEEEONS0_10__1st_typeIT_E4typeEOSD_
FNDA:45,_ZNKSt8__detail21_Hashtable_ebo_helperILi0ESt8equal_toINSt7__cxx1112basic_stringIcSt11char_traitsIcESaIcEEEELb1EE7_M_cgetEv
FNDA:15,_ZNKSt8__detail21_Hashtable_ebo_helperILi1ESt4hashINSt7__cxx1112basic_stringIcSt11char_traitsIcESaIcEEEELb1EE7_M_cgetEv
FNDA:88,_ZNSt8__detail21_Hashtable_ebo_helperILi0ESaINS_10_Hash_nodeISt4pairIKNSt7__cxx1112basic_stringIcSt11char_traitsIcESaIcEEEmELb1EEEELb1EE6_M_getEv
FNDA:15,_ZNKSt8__detail15_Hash_code_baseINSt7__cxx1112basic_stringIcSt11char_traitsIcESaIcEEESt4pairIKS6_mENS_10_Select1stESt4hashIS6_ENS_18_Mod_range_hashingENS_20_Default_ranged_hashELb1EE12_M_hash_codeERS8_
FNDA:23,_ZNKSt8__detail15_Hash_code_baseINSt7__cxx1112basic_stringIcSt11char_traitsIcESaIcEEESt4pairIKS6_mENS_10_Select1stESt4hashIS6_ENS_18_Mod_range_hashingENS_20_Default_ranged_hashELb1EE15_M_bucket_indexEmm
FNDA:12,_ZNKSt8__detail15_Hash_code_baseINSt7__cxx1112basic_stringIcSt11char_traitsIcESaIcEEESt4pairIKS6_mENS_10_Select1stESt4hashIS6_ENS_18_Mod_range_hashingENS_20_Default_ranged_hashELb1EE15_M_bucket_indexERKNS_16_Hash_node_valueIS9_Lb1EEEm
FNDA:21,_ZNKSt8__detail15_Hash_code_baseINSt7__cxx1112basic_stringIcSt11char_traitsIcESaIcEEESt4pairIKS6_mENS_10_Select1stESt4hashIS6_ENS_18_Mod_range_hashingENS_20_Default_ranged_hashELb1EE13_M_store_codeERNS_21_Hash_node_code_cacheILb1EEEm
FNDA:15,_ZNKSt8__detail15_Hash_code_baseINSt7__cxx1112basic_stringIcSt11char_traitsIcESaIcEEESt4pairIKS6_mENS_10_Select1stESt4hashIS6_ENS_18_Mod_range_hashingENS_20_Default_ranged_hashELb1EE7_M_hashEv
FNDA:0,_ZNSt8__detail15_Hashtable_baseINSt7__cxx1112basic_stringIcSt11char_traitsIcESaIcEEESt4pairIKS6_mENS_10_Select1stESt8equal_toIS6_ESt4hashIS6_ENS_18_Mod_range_hashingENS_20_Default_ranged_hashENS_17_Hashtable_traitsILb1ELb0ELb1EEEE9_S_equalsEmRKNS_21_Hash_node_code_cacheILb1EEE
FNDA:45,_ZNKSt8__detail15_Hashtable_baseINSt7__cxx1112basic_stringIcSt11char_traitsIcESaIcEEESt4pairIKS6_mENS_10_Select1stESt8equal_toIS6_ESt4hashIS6_ENS_18_Mod_range_hashingENS_20_Default_ranged_hashENS_17_Hashtable_traitsILb1ELb0ELb1EEEE13_M_key_equalsERS8_RKNS_16_Hash_node_valueIS9_Lb1EEE
FNDA:0,_ZNKSt8__detail15_Hashtable_baseINSt7__cxx1112basic_stringIcSt11char_traitsIcESaIcEEESt4pairIKS6_mENS_10_Select1stESt8equal_toIS6_ESt4hashIS6_ENS_18_Mod_range_hashingENS_20_Default_ranged_hashENS_17_Hashtable_traitsILb1ELb0ELb1EEEE9_M_equalsERS8_mRKNS_16_Hash_node_valueIS9_Lb1EEE
FNDA:45,_ZNKSt8__detail15_Hashtable_baseINSt7__cxx1112basic_stringIcSt11char_traitsIcESaIcEEESt4pairIKS6_mENS_10_Select1stESt8equal_toIS6_ESt4hashIS6_ENS_18_Mod_range_hashingENS_20_Default_ranged_hashENS_17_Hashtable_traitsILb1ELb0ELb1EEEE5_M_eqEv
FNDA:88,_ZNSt8__detail16_Hashtable_allocISaINS_10_Hash_nodeISt4pairIKNSt7__cxx1112basic_stringIcSt11char_traitsIcESaIcEEEmELb1EEEEE17_M_node_allocatorEv
FNDA:15,_ZNSt8__detail16_Hashtable_allocISaINS_10_Hash_nodeISt4pairIKNSt7__cxx1112basic_stringIcSt11char_traitsIcESaIcEEEmELb1EEEEE16_M_allocate_nodeIJS8_mEEEPSB_DpOT_
FNDA:21,_ZNSt8__detail16_Hashtable_allocISaINS_10_Hash_nodeISt4pairIKNSt7__cxx1112basic_stringIcSt11char_traitsIcESaIcEEEmELb1EEEEE18_M_deallocate_nodeEPSB_
FNDA:21,_ZNSt8__detail16_Hashtable_allocISaINS_10_Hash_nodeISt4pairIKNSt7__cxx1112basic_stringIcSt11char_traitsIcESaIcEEEmELb1EEEEE22_M_deallocate_node_ptrEPSB_
FNDA:17,_ZNSt8__detail16_Hashtable_allocISaINS_10_Hash_nodeISt4pairIKNSt7__cxx1112basic_stringIcSt11char_traitsIcESaIcEEEmELb1EEEEE19_M_deallocate_nodesEPSB_
FNDA:8,_ZNSt8__detail16_Hashtable_allocISaINS_10_Hash_nodeISt4pairIKNSt7__cxx1112basic_stringIcSt11char_traitsIcESaIcEEEmELb1EEEEE19_M_allocate_bucketsEm
FNDA:8,_ZNSt8__detail16_Hashtable_allocISaINS_10_Hash_nodeISt4pairIKNSt7__cxx1112basic_stringIcSt11char_traitsIcESaIcEEEmELb1EEEEE21_M_deallocate_bucketsEPPNS_15_Hash_node_baseEm
FNDA:51,_ZNSt8__detail22_Hashtable_hash_traitsISt4hashINSt7__cxx1112basic_stringIcSt11char_traitsIcESaIcEEEEE22__small_size_thresholdEv
FNDA:15,_ZNSt8__detail15_Hash_node_baseC2Ev
FNDA:78,_ZNKSt8__detail10_Hash_nodeISt4pairIKNSt7__cxx1112basic_stringIcSt11char_traitsIcESaIcEEEmELb1EE7_M_nextEv
FNDA:159,_ZNSt8__detail19_Node_iterator_baseISt4pairIKNSt7__cxx1112basic_stringIcSt11char_traitsIcESaIcEEEmELb1EEC2EPNS_10_Hash_nodeIS9_Lb1EEE
FNDA:45,_ZNSt8__detail19_Node_iterator_baseISt4pairIKNSt7__cxx1112basic_stringIcSt11char_traitsIcESaIcEEEmELb1EE7_M_incrEv
FNDA:81,_ZNSt8__detailneERKNS_19_Node_iterator_baseISt4pairIKNSt7__cxx1112basic_stringIcSt11char_traitsIcESaIcEEEmELb1EEESC_
FNDA:72,_ZNSt8__detail14_Node_iteratorISt4pairIKNSt7__cxx1112basic_stringIcSt11char_traitsIcESaIcEEEmELb0ELb1EEC2EPNS_10_Hash_nodeIS9_Lb1EEE
FNDA:21,_ZNSt8__detail14_Node_iteratorISt4pairIKNSt7__cxx1112basic_stringIcSt11char_traitsIcESaIcEEEmELb0ELb1EEppEv
FNDA:87,_ZNSt8__detail20_Node_const_iteratorISt4pairIKNSt7__cxx1112basic_stringIcSt11char_traitsIcESaIcEEEmELb0ELb1EEC2EPNS_10_Hash_nodeIS9_Lb1EEE
FNDA:24,_ZNSt8__detail20_Node_const_iteratorISt4pairIKNSt7__cxx1112basic_stringIcSt11char_traitsIcESaIcEEEmELb0ELb1EEppEv
FNDA:35,_ZNKSt8__detail18_Mod_range_hashingclEmm
FNDA:21,_ZNKSt8__detail20_Prime_rehash_policy8_M_stateEv
FNDA:0,_ZNSt8__detail20_Prime_rehash_policy8_M_resetEm
FNF:34
FNH:31
DA:112,60
DA:113,60
DA:297,51
DA:298,51
DA:313,15
DA:333,51
DA:338,45
DA:343,15
DA:348,45
DA:380,78
DA:381,78
DA:393,159
DA:394,159
DA:397,45
DA:398,45
DA:407,81
DA:409,81
DA:436,72
DA:437,72
DA:448,21
DA:450,21
DA:451,21
DA:483,87
DA:484,87
DA:499,24
DA:501,24
DA:502,24
DA:526,35
DA:528,35
DA:571,21
DA:572,21
DA:579,0
DA:580,0
DA:1225,60
DA:1226,88
DA:1306,15
DA:1310,15
DA:1331,23
DA:1332,23
DA:1346,12
DA:1350,12
DA:1362,21
DA:1363,21
DA:1375,15
DA:1692,0
DA:1693,0
DA:1708,45
DA:1715,90
DA:1732,0
DA:1734,0
DA:1760,45
DA:1950,88
DA:1951,88
DA:1987,15
DA:1990,15
DA:1991,15
DA:1994,15
DA:1995,30
DA:1998,15
DA:2000,0
DA:2002,0
DA:2003,0
DA:2009,21
DA:2011,42
DA:2012,21
DA:2013,21
DA:2017,21
DA:2020,21
DA:2021,21
DA:2022,21
DA:2023,21
DA:2027,17
DA:2029,38
DA:2031,21
DA:2032,21
DA:2033,21
DA:2035,17
DA:2039,8
DA:2042,8
DA:2044,8
DA:2045,8
DA:2046,8
DA:2047,16
DA:2052,8
DA:2057,8
DA:2058,8
DA:2060,8
LF:87
LH:78
end_of_record
TN:
SF:/usr/include/c++/13/bits/move.h
FN:138,139,_ZSt9addressofINSt8__detail10_Hash_nodeISt4pairIKNSt7__cxx1112basic_stringIcSt11char_traitsIcESaIcEEEmELb1EEEEPT_RSC_
FN:138,139,_ZSt9addressofIPNSt8__detail15_Hash_node_baseEEPT_RS3_
FN:189,200,_ZSt4swapIP8MCTSNodeENSt9enable_ifIXsrSt6__and_IJSt6__not_ISt15__is_tuple_likeIT_EESt21is_move_constructibleIS6_ESt18is_move_assignableIS6_EEE5valueEvE4typeERS6_SG_
FN:51,52,_ZSt11__addressofIN2at6TensorEEPT_RS2_
FN:51,52,_ZSt11__addressofIN3c106SymIntEEPT_RS2_
FN:51,52,_ZSt11__addressofIN3c107complexIdEEEPT_RS3_
FN:51,52,_ZSt11__addressofIN5torch11OrderedDictINSt7__cxx1112basic_stringIcSt11char_traitsIcESaIcEEEN2at6TensorEE4ItemEEPT_RSC_
FN:51,52,_ZSt11__addressofIN5torch11OrderedDictINSt7__cxx1112basic_stringIcSt11char_traitsIcESaIcEEESt10shared_ptrINS0_2nn6ModuleEEE4ItemEEPT_RSE_
FN:51,52,_ZSt11__addressofIN5torch5optim19OptimizerParamGroupEEPT_RS3_
FN:51,52,_ZSt11__addressofINSt8__detail10_Hash_nodeISt4pairIKNSt7__cxx1112basic_stringIcSt11char_traitsIcESaIcEEEmELb1EEEEPT_RSC_
FN:51,52,_ZSt11__addressofIPNSt8__detail15_Hash_node_baseEEPT_RS3_
FN:51,52,_ZSt11__addressofISaISt23_Sp_counted_ptr_inplaceI8MCTSNodeSaIvELN9__gnu_cxx12_Lock_policyE2EEEEPT_RS7_
FN:51,52,_ZSt11__addressofISt10shared_ptrI8MCTSNodeEEPT_RS3_
FN:51,52,_ZSt11__addressofISt4pairIiiEEPT_RS2_
FN:51,52,_ZSt11__addressofISt6vectorIiSaIiEEEPT_RS3_
FN:51,52,_ZSt11__addressofISt8optionalIN2at6TensorEEEPT_RS4_
FN:70,71,_ZSt7forwardIDnEOT_RNSt16remove_referenceIS0_E4typeE
FN:70,71,_ZSt7forwardIN2at6TensorEEOT_RNSt16remove_referenceIS2_E4typeE
FN:70,71,_ZSt7forwardIN3c106SymIntEEOT_RNSt16remove_referenceIS2_E4typeE
FN:70,71,_ZSt7forwardIN3c107complexIdEEEOT_RNSt16remove_referenceIS3_E4typeE
FN:70,71,_ZSt7forwardIN5torch11OrderedDictINSt7__cxx1112basic_stringIcSt11char_traitsIcESaIcEEESt10shared_ptrINS0_2nn6ModuleEEE4ItemEEOT_RNSt16remove_referenceISE_E4typeE
FN:70,71,_ZSt7forwardINSt7__cxx1112basic_stringIcSt11char_traitsIcESaIcEEEEOT_RNSt16remove_referenceIS6_E4typeE
FN:70,71,_ZSt7forwardINSt8__detail14_Node_iteratorISt4pairIKNSt7__cxx1112basic_stringIcSt11char_traitsIcESaIcEEEmELb0ELb1EEEEOT_RNSt16remove_referenceISC_E4typeE
FN:70,71,_ZSt7forwardIR9TicTacToeEOT_RNSt16remove_referenceIS2_E4typeE
FN:70,71,_ZSt7forwardIRKN2at6TensorEEOT_RNSt16remove_referenceIS4_E4typeE
FN:70,71,_ZSt7forwardIRKN5torch5optim11AdamOptionsEEOT_RNSt16remove_referenceIS5_E4typeE
FN:70,71,_ZSt7forwardIRKN5torch5optim19OptimizerParamGroupEEOT_RNSt16remove_referenceIS5_E4typeE
FN:70,71,_ZSt7forwardIRKSt4pairIKNSt7__cxx1112basic_stringIcSt11char_traitsIcESaIcEEEmEEOT_RNSt16remove_referenceISB_E4typeE
FN:70,71,_ZSt7forwardIRKSt6vectorIiSaIiEEEOT_RNSt16remove_referenceIS5_E4typeE
FN:70,71,_ZSt7forwardIRN5torch5optim11AdamOptionsEEOT_RNSt16remove_referenceIS4_E4typeE
FN:70,71,_ZSt7forwardIRNSt7__cxx1112basic_stringIcSt11char_traitsIcESaIcEEEEOT_RNSt16remove_referenceIS7_E4typeE
FN:70,71,_ZSt7forwardIRNSt8__detail14_Node_iteratorISt4pairIKNSt7__cxx1112basic_stringIcSt11char_traitsIcESaIcEEEmELb0ELb1EEEEOT_RNSt16remove_referenceISD_E4typeE
FN:70,71,_ZSt7forwardIRPN5torch5optim16OptimizerOptionsEEOT_RNSt16remove_referenceIS5_E4typeE
FN:70,71,_ZSt7forwardIRSt4pairIKNSt7__cxx1112basic_stringIcSt11char_traitsIcESaIcEEEmEEOT_RNSt16remove_referenceISA_E4typeE
FN:70,71,_ZSt7forwardIRiEOT_RNSt16remove_referenceIS1_E4typeE
FN:70,71,_ZSt7forwardIRlEOT_RNSt16remove_referenceIS1_E4typeE
[...]
FNDA:83154,_ZNSt6vectorISt10shared_ptrI8MCTSNodeESaIS2_EE17_M_realloc_insertIJS2_EEEvN9__gnu_cxx17__normal_iteratorIPS2_S4_EEDpOT_
FNDA:142234,_ZNSt6vectorISt4pairIiiESaIS1_EE17_M_realloc_insertIJRiS5_EEEvN9__gnu_cxx17__normal_iteratorIPS1_S3_EEDpOT_
FNDA:0,_ZNSt6vectorISt8optionalIN2at6TensorEESaIS3_EE17_M_realloc_insertIJS3_EEEvN9__gnu_cxx17__normal_iteratorIPS3_S5_EEDpOT_
FNDA:0,_ZNSt6vectorIdSaIdEE17_M_realloc_insertIJdEEEvN9__gnu_cxx17__normal_iteratorIPdS1_EEDpOT_
FNDA:0,_ZNSt6vectorIlSaIlEE17_M_realloc_insertIJlEEEvN9__gnu_cxx17__normal_iteratorIPlS1_EEDpOT_
FNDA:0,_ZNSt6vectorIN2at6TensorESaIS1_EE7reserveEm
FNDA:0,_ZNSt6vectorIN3c106SymIntESaIS1_EE7reserveEm
FNDA:0,_ZNSt6vectorIN3c107complexIdEESaIS2_EE7reserveEm
FNDA:0,_ZNSt6vectorISt8optionalIN2at6TensorEESaIS3_EE7reserveEm
FNDA:0,_ZNSt6vectorIdSaIdEE7reserveEm
FNDA:0,_ZNSt6vectorIlSaIlEE7reserveEm
FNF:23
FNH:6
DA:67,0
DA:70,0
DA:71,0
DA:72,0
DA:74,0
DA:79,0
DA:80,0
DA:81,0
DA:93,0
DA:94,0
DA:95,0
DA:96,0
DA:97,0
DA:98,0
DA:100,0
DA:111,269009
DA:114,269009
DA:117,43618
DA:119,43618
DA:123,225391
DA:125,269009
DA:445,225391
DA:455,225391
DA:456,225391
DA:457,225391
DA:458,225391
DA:459,225391
DA:460,225391
DA:468,225391
DA:469,225391
DA:475,225391
DA:480,225391
DA:481,225391
DA:483,225391
DA:485,225391
DA:486,225391
DA:504,0
DA:506,0
DA:507,0
DA:508,0
DA:510,0
DA:511,0
DA:512,0
DA:519,225391
DA:520,225391
DA:521,225391
DA:522,225391
DA:523,225391
DA:524,225391
LF:49
LH:27
end_of_record
TN:
SF:/usr/include/c++/13/cmath
FN:334,335,_ZSt3logIiEN9__gnu_cxx11__enable_ifIXsrSt12__is_integerIT_E7__valueEdE6__typeES3_
FNDA:1229522,_ZSt3logIiEN9__gnu_cxx11__enable_ifIXsrSt12__is_integerIT_E7__valueEdE6__typeES3_
FNF:1
FNH:1
DA:334,1229522
DA:335,1229522
LF:2
LH:2
end_of_record
TN:
SF:/usr/include/c++/13/ext/aligned_buffer.h
FN:104,107,_ZN9__gnu_cxx16__aligned_bufferI8MCTSNodeE7_M_addrEv
FN:104,107,_ZN9__gnu_cxx16__aligned_bufferISt4pairIKNSt7__cxx1112basic_stringIcSt11char_traitsIcESaIcEEEmEE7_M_addrEv
FN:110,113,_ZNK9__gnu_cxx16__aligned_bufferISt4pairIKNSt7__cxx1112basic_stringIcSt11char_traitsIcESaIcEEEmEE7_M_addrEv
FN:116,117,_ZN9__gnu_cxx16__aligned_bufferI8MCTSNodeE6_M_ptrEv
FN:116,117,_ZN9__gnu_cxx16__aligned_bufferISt4pairIKNSt7__cxx1112basic_stringIcSt11char_traitsIcESaIcEEEmEE6_M_ptrEv
FN:120,121,_ZNK9__gnu_cxx16__aligned_bufferISt4pairIKNSt7__cxx1112basic_stringIcSt11char_traitsIcESaIcEEEmEE6_M_ptrEv
FNDA:216610,_ZN9__gnu_cxx16__aligned_bufferI8MCTSNodeE7_M_addrEv
FNDA:51,_ZN9__gnu_cxx16__aligned_bufferISt4pairIKNSt7__cxx1112basic_stringIcSt11char_traitsIcESaIcEEEmEE7_M_addrEv
FNDA:45,_ZNK9__gnu_cxx16__aligned_bufferISt4pairIKNSt7__cxx1112basic_stringIcSt11char_traitsIcESaIcEEEmEE7_M_addrEv
FNDA:216610,_ZN9__gnu_cxx16__aligned_bufferI8MCTSNodeE6_M_ptrEv
FNDA:51,_ZN9__gnu_cxx16__aligned_bufferISt4pairIKNSt7__cxx1112basic_stringIcSt11char_traitsIcESaIcEEEmEE6_M_ptrEv
FNDA:45,_ZNK9__gnu_cxx16__aligned_bufferISt4pairIKNSt7__cxx1112basic_stringIcSt11char_traitsIcESaIcEEEmEE6_M_ptrEv
FNF:6
FNH:6
DA:104,216661
DA:106,216661
DA:110,45
DA:112,45
DA:116,216661
DA:117,216661
DA:120,45
DA:121,45
LF:8
LH:8
end_of_record
TN:
SF:/usr/include/c++/13/ext/alloc_traits.h
FNF:0
FNH:0
DA:98,4497150
LF:1
LH:1
end_of_record
TN:
SF:/usr/include/c++/13/ext/atomicity.h
FNF:0
FNH:0
DA:52,1713900
DA:66,0
DA:71,0
DA:84,929457
DA:85,929457
DA:86,929457
DA:92,784443
DA:98,929457
DA:99,929457
DA:101,0
DA:108,784443
DA:112,784443
LF:12
LH:9
end_of_record
TN:
SF:/usr/include/c++/13/initializer_list
FN:69,69,_ZNKSt16initializer_listIN5torch5optim19OptimizerParamGroupEE4sizeEv
FN:73,73,_ZNKSt16initializer_listIN5torch5optim19OptimizerParamGroupEE5beginEv
FN:77,77,_ZNKSt16initializer_listIN5torch5optim19OptimizerParamGroupEE3endEv
FNDA:1,_ZNKSt16initializer_listIN5torch5optim19OptimizerParamGroupEE4sizeEv
FNDA:2,_ZNKSt16initializer_listIN5torch5optim19OptimizerParamGroupEE5beginEv
FNDA:1,_ZNKSt16initializer_listIN5torch5optim19OptimizerParamGroupEE3endEv
FNF:3
FNH:3
DA:69,1
DA:73,2
DA:77,1
LF:3
LH:3
end_of_record
TN:
SF:/usr/include/c++/13/limits
FN:1794,1794,_ZNSt14numeric_limitsIdE9quiet_NaNEv
FNDA:0,_ZNSt14numeric_limitsIdE9quiet_NaNEv
FNF:1
FNH:0
DA:1794,0
LF:1
LH:0
end_of_record
TN:
SF:/usr/include/c++/13/new
FN:174,175,_ZnwmPv
FN:180,180,_ZdlPvS_
FNDA:4115205,_ZnwmPv
FNDA:0,_ZdlPvS_
FNF:2
FNH:1
DA:174,4115205
DA:175,4115205
DA:180,0
LF:3
LH:2
end_of_record
TN:
SF:/usr/include/c++/13/optional
FN:120,120,_ZNSt22_Optional_payload_baseIN2at6TensorEEC2Ev
FN:121,121,_ZNSt22_Optional_payload_baseIN2at6TensorEED2Ev
FN:121,121,_ZNSt22_Optional_payload_baseINSt7__cxx1112basic_stringIcSt11char_traitsIcESaIcEEEED2Ev
FN:125,128,_ZNSt22_Optional_payload_baseIN2at6TensorEEC2IJS1_EEESt10in_place_tDpOT_
FN:151,156,_ZNSt22_Optional_payload_baseIN2at6TensorEEC2EbOS2_
FN:239,239,_ZNSt22_Optional_payload_baseIN2at6TensorEE8_StorageIS1_Lb0EEC2Ev
FN:243,245,_ZNSt22_Optional_payload_baseIN2at6TensorEE8_StorageIS1_Lb0EEC2IJS1_EEESt10in_place_tDpOT_
FN:263,263,_ZNSt22_Optional_payload_baseIN2at6TensorEE8_StorageIS1_Lb0EED2Ev
FN:263,263,_ZNSt22_Optional_payload_baseINSt7__cxx1112basic_stringIcSt11char_traitsIcESaIcEEEE8_StorageIS5_Lb0EED2Ev
FN:275,281,_ZNSt22_Optional_payload_baseIN2at6TensorEE12_M_constructIJS1_EEEvDpOT_
FN:284,288,_ZNSt22_Optional_payload_baseIN2at6TensorEE10_M_destroyEv
FN:284,288,_ZNSt22_Optional_payload_baseINSt7__cxx1112basic_stringIcSt11char_traitsIcESaIcEEEE10_M_destroyEv
FN:306,307,_ZNSt22_Optional_payload_baseIN2at6TensorEE6_M_getEv
FN:315,321,_ZNSt22_Optional_payload_baseIN2at6TensorEE8_M_resetEv
FN:315,321,_ZNSt22_Optional_payload_baseINSt7__cxx1112basic_stringIcSt11char_traitsIcESaIcEEEE8_M_resetEv
FN:401,401,_ZNSt17_Optional_payloadIN2at6TensorELb1ELb0ELb0EEC2Ev
FN:402,402,_ZNSt17_Optional_payloadIN2at6TensorELb1ELb0ELb0EED2Ev
FN:402,402,_ZNSt17_Optional_payloadINSt7__cxx1112basic_stringIcSt11char_traitsIcESaIcEEELb1ELb0ELb0EED2Ev
FN:434,434,_ZNSt17_Optional_payloadIN2at6TensorELb0ELb0ELb0EEC2Ev
FN:441,441,_ZNSt17_Optional_payloadIN2at6TensorELb0ELb0ELb0EED2Ev
FN:441,441,_ZNSt17_Optional_payloadINSt7__cxx1112basic_stringIcSt11char_traitsIcESaIcEEELb0ELb0ELb0EED2Ev
FN:516,516,_ZNSt14_Optional_baseIN2at6TensorELb0ELb0EEC2Ev
FN:522,524,_ZNSt14_Optional_baseIN2at6TensorELb0ELb0EEC2IJS1_ELb0EEESt10in_place_tDpOT_
FN:544,548,_ZNSt14_Optional_baseIN2at6TensorELb0ELb0EEC2EOS2_
FN:741,741,_ZNSt8optionalIN2at6TensorEEC2ESt9nullopt_t
FN:749,751,_ZNSt8optionalIN2at6TensorEEC2IS1_Lb1EEEOT_
FNDA:0,_ZNSt22_Optional_payload_baseIN2at6TensorEEC2Ev
FNDA:0,_ZNSt22_Optional_payload_baseIN2at6TensorEED2Ev
FNDA:1,_ZNSt22_Optional_payload_baseINSt7__cxx1112basic_stringIcSt11char_traitsIcESaIcEEEED2Ev
FNDA:0,_ZNSt22_Optional_payload_baseIN2at6TensorEEC2IJS1_EEESt10in_place_tDpOT_
FNDA:0,_ZNSt22_Optional_payload_baseIN2at6TensorEEC2EbOS2_
FNDA:0,_ZNSt22_Optional_payload_baseIN2at6TensorEE8_StorageIS1_Lb0EEC2Ev
FNDA:0,_ZNSt22_Optional_payload_baseIN2at6TensorEE8_StorageIS1_Lb0EEC2IJS1_EEESt10in_place_tDpOT_
FNDA:0,_ZNSt22_Optional_payload_baseIN2at6TensorEE8_StorageIS1_Lb0EED2Ev
FNDA:1,_ZNSt22_Optional_payload_baseINSt7__cxx1112basic_stringIcSt11char_traitsIcESaIcEEEE8_StorageIS5_Lb0EED2Ev
FNDA:0,_ZNSt22_Optional_payload_baseIN2at6TensorEE12_M_constructIJS1_EEEvDpOT_
FNDA:0,_ZNSt22_Optional_payload_baseIN2at6TensorEE10_M_destroyEv
FNDA:0,_ZNSt22_Optional_payload_baseINSt7__cxx1112basic_stringIcSt11char_traitsIcESaIcEEEE10_M_destroyEv
FNDA:0,_ZNSt22_Optional_payload_baseIN2at6TensorEE6_M_getEv
FNDA:0,_ZNSt22_Optional_payload_baseIN2at6TensorEE8_M_resetEv
FNDA:1,_ZNSt22_Optional_payload_baseINSt7__cxx1112basic_stringIcSt11char_traitsIcESaIcEEEE8_M_resetEv
FNDA:0,_ZNSt17_Optional_payloadIN2at6TensorELb1ELb0ELb0EEC2Ev
FNDA:0,_ZNSt17_Optional_payloadIN2at6TensorELb1ELb0ELb0EED2Ev
FNDA:1,_ZNSt17_Optional_payloadINSt7__cxx1112basic_stringIcSt11char_traitsIcESaIcEEELb1ELb0ELb0EED2Ev
FNDA:0,_ZNSt17_Optional_payloadIN2at6TensorELb0ELb0ELb0EEC2Ev
FNDA:0,_ZNSt17_Optional_payloadIN2at6TensorELb0ELb0ELb0EED2Ev
FNDA:1,_ZNSt17_Optional_payloadINSt7__cxx1112basic_stringIcSt11char_traitsIcESaIcEEELb0ELb0ELb0EED2Ev
FNDA:0,_ZNSt14_Optional_baseIN2at6TensorELb0ELb0EEC2Ev
FNDA:0,_ZNSt14_Optional_baseIN2at6TensorELb0ELb0EEC2IJS1_ELb0EEESt10in_place_tDpOT_
FNDA:0,_ZNSt14_Optional_baseIN2at6TensorELb0ELb0EEC2EOS2_
FNDA:0,_ZNSt8optionalIN2at6TensorEEC2ESt9nullopt_t
FNDA:0,_ZNSt8optionalIN2at6TensorEEC2IS1_Lb1EEEOT_
FNF:26
FNH:5
DA:120,0
DA:121,1
DA:125,0
DA:126,0
DA:127,0
DA:128,0
DA:151,0
DA:153,0
DA:154,0
DA:155,0
DA:156,0
DA:239,0
DA:243,0
DA:244,0
DA:245,0
DA:263,1
DA:275,0
DA:278,0
DA:280,0
DA:281,0
DA:284,0
DA:286,0
DA:287,0
DA:288,0
DA:306,0
DA:307,0
DA:315,1
DA:317,1
DA:318,0
DA:320,1
DA:321,1
DA:401,0
DA:402,1
DA:434,0
DA:441,1
DA:516,0
DA:522,0
DA:523,0
DA:524,0
DA:544,0
DA:546,0
DA:547,0
DA:548,0
DA:741,0
DA:749,0
DA:751,0
LF:46
LH:8
end_of_record
TN:
SF:/usr/include/c++/13/tuple
FN:125,125,_ZNSt10_Head_baseILm1ESt14default_deleteIN5torch5optim11AdamOptionsEELb1EE7_M_headERS5_
FN:125,125,_ZNSt10_Head_baseILm1ESt14default_deleteIN5torch5optim16OptimizerOptionsEELb1EE7_M_headERS5_
FN:125,125,_ZNSt10_Head_baseILm1ESt14default_deleteIN5torch5optim19OptimizerParamStateEELb1EE7_M_headERS5_
FN:1317,1319,_ZNSt5tupleIJPN5torch5optim11AdamOptionsESt14default_deleteIS2_EEEC2ILb1ELb1EEEv
FN:1317,1319,_ZNSt5tupleIJPN5torch5optim16OptimizerOptionsESt14default_deleteIS2_EEEC2ILb1ELb1EEEv
FN:1345,1347,_ZNSt5tupleIJPN5torch5optim16OptimizerOptionsESt14default_deleteIS2_EEEC2IRS3_S4_INS1_11AdamOptionsEELb1EEEOT_OT0_
FN:1358,1358,_ZNSt5tupleIJPN5torch5optim16OptimizerOptionsESt14default_deleteIS2_EEEC2EOS6_
FN:1358,1358,_ZNSt5tupleIJddEEC2EOS0_
FN:1787,1788,_ZSt12__get_helperILm0EPN5torch5optim11AdamOptionsEJSt14default_deleteIS2_EEERT0_RSt11_Tuple_implIXT_EJS6_DpT1_EE
FN:1787,1788,_ZSt12__get_helperILm0EPN5torch5optim16OptimizerOptionsEJSt14default_deleteIS2_EEERT0_RSt11_Tuple_implIXT_EJS6_DpT1_EE
FN:1787,1788,_ZSt12__get_helperILm0EPN5torch5optim19OptimizerParamStateEJSt14default_deleteIS2_EEERT0_RSt11_Tuple_implIXT_EJS6_DpT1_EE
FN:1787,1788,_ZSt12__get_helperILm0EdJdEERT0_RSt11_Tuple_implIXT_EJS0_DpT1_EE
FN:1787,1788,_ZSt12__get_helperILm1ESt14default_deleteIN5torch5optim11AdamOptionsEEJEERT0_RSt11_Tuple_implIXT_EJS5_DpT1_EE
FN:1787,1788,_ZSt12__get_helperILm1ESt14default_deleteIN5torch5optim16OptimizerOptionsEEJEERT0_RSt11_Tuple_implIXT_EJS5_DpT1_EE
FN:1787,1788,_ZSt12__get_helperILm1ESt14default_deleteIN5torch5optim19OptimizerParamStateEEJEERT0_RSt11_Tuple_implIXT_EJS5_DpT1_EE
FN:1787,1788,_ZSt12__get_helperILm1EdJEERT0_RSt11_Tuple_implIXT_EJS0_DpT1_EE
FN:1803,1804,_ZSt3getILm0EJPN5torch5optim11AdamOptionsESt14default_deleteIS2_EEERNSt13tuple_elementIXT_ESt5tupleIJDpT0_EEE4typeERSA_
FN:1803,1804,_ZSt3getILm0EJPN5torch5optim16OptimizerOptionsESt14default_deleteIS2_EEERNSt13tuple_elementIXT_ESt5tupleIJDpT0_EEE4typeERSA_
FN:1803,1804,_ZSt3getILm0EJPN5torch5optim19OptimizerParamStateESt14default_deleteIS2_EEERNSt13tuple_elementIXT_ESt5tupleIJDpT0_EEE4typeERSA_
FN:1803,1804,_ZSt3getILm0EJddEERNSt13tuple_elementIXT_ESt5tupleIJDpT0_EEE4typeERS4_
FN:1803,1804,_ZSt3getILm1EJPN5torch5optim11AdamOptionsESt14default_deleteIS2_EEERNSt13tuple_elementIXT_ESt5tupleIJDpT0_EEE4typeERSA_
FN:1803,1804,_ZSt3getILm1EJPN5torch5optim16OptimizerOptionsESt14default_deleteIS2_EEERNSt13tuple_elementIXT_ESt5tupleIJDpT0_EEE4typeERSA_
FN:1803,1804,_ZSt3getILm1EJPN5torch5optim19OptimizerParamStateESt14default_deleteIS2_EEERNSt13tuple_elementIXT_ESt5tupleIJDpT0_EEE4typeERSA_
FN:1803,1804,_ZSt3getILm1EJddEERNSt13tuple_elementIXT_ESt5tupleIJDpT0_EEE4typeERS4_
FN:190,191,_ZNSt10_Head_baseILm0EPN5torch5optim11AdamOptionsELb0EEC2Ev
FN:190,191,_ZNSt10_Head_baseILm0EPN5torch5optim16OptimizerOptionsELb0EEC2Ev
FN:200,201,_ZNSt10_Head_baseILm0EPN5torch5optim16OptimizerOptionsELb0EEC2IRS3_EEOT_
FN:234,234,_ZNSt10_Head_baseILm0EPN5torch5optim11AdamOptionsELb0EE7_M_headERS4_
FN:234,234,_ZNSt10_Head_baseILm0EPN5torch5optim16OptimizerOptionsELb0EE7_M_headERS4_
FN:234,234,_ZNSt10_Head_baseILm0EPN5torch5optim19OptimizerParamStateELb0EE7_M_headERS4_
FN:234,234,_ZNSt10_Head_baseILm0EdLb0EE7_M_headERS0_
FN:234,234,_ZNSt10_Head_baseILm1EdLb0EE7_M_headERS0_
FN:269,269,_ZNSt11_Tuple_implILm0EJPN5torch5optim11AdamOptionsESt14default_deleteIS2_EEE7_M_headERS6_
FN:269,269,_ZNSt11_Tuple_implILm0EJPN5torch5optim16OptimizerOptionsESt14default_deleteIS2_EEE7_M_headERS6_
FN:269,269,_ZNSt11_Tuple_implILm0EJPN5torch5optim19OptimizerParamStateESt14default_deleteIS2_EEE7_M_headERS6_
FN:269,269,_ZNSt11_Tuple_implILm0EJddEE7_M_headERS0_
FN:280,281,_ZNSt11_Tuple_implILm0EJPN5torch5optim11AdamOptionsESt14default_deleteIS2_EEEC2Ev
FN:280,281,_ZNSt11_Tuple_implILm0EJPN5torch5optim16OptimizerOptionsESt14default_deleteIS2_EEEC2Ev
FN:291,294,_ZNSt11_Tuple_implILm0EJPN5torch5optim16OptimizerOptionsESt14default_deleteIS2_EEEC2IRS3_JS4_INS1_11AdamOptionsEEEvEEOT_DpOT0_
FN:302,302,_ZNSt11_Tuple_implILm0EJPN5torch5optim16OptimizerOptionsESt14default_deleteIS2_EEEC2EOS6_
FN:302,302,_ZNSt11_Tuple_implILm0EJddEEC2EOS0_
FN:497,497,_ZNSt11_Tuple_implILm1EJSt14default_deleteIN5torch5optim11AdamOptionsEEEE7_M_headERS5_
FN:497,497,_ZNSt11_Tuple_implILm1EJSt14default_deleteIN5torch5optim16OptimizerOptionsEEEE7_M_headERS5_
FN:497,497,_ZNSt11_Tuple_implILm1EJSt14default_deleteIN5torch5optim19OptimizerParamStateEEEE7_M_headERS5_
FN:497,497,_ZNSt11_Tuple_implILm1EJdEE7_M_headERS0_
FN:503,504,_ZNSt11_Tuple_implILm1EJSt14default_deleteIN5torch5optim11AdamOptionsEEEEC2Ev
FN:503,504,_ZNSt11_Tuple_implILm1EJSt14default_deleteIN5torch5optim16OptimizerOptionsEEEEC2Ev
FN:513,515,_ZNSt11_Tuple_implILm1EJSt14default_deleteIN5torch5optim16OptimizerOptionsEEEEC2IS0_INS2_11AdamOptionsEEEEOT_
FN:527,530,_ZNSt11_Tuple_implILm1EJSt14default_deleteIN5torch5optim16OptimizerOptionsEEEEC2EOS5_
FN:527,530,_ZNSt11_Tuple_implILm1EJdEEC2EOS0_
FN:81,82,_ZNSt10_Head_baseILm1ESt14default_deleteIN5torch5optim11AdamOptionsEELb1EEC2Ev
FN:81,82,_ZNSt10_Head_baseILm1ESt14default_deleteIN5torch5optim16OptimizerOptionsEELb1EEC2Ev
FN:91,92,_ZNSt10_Head_baseILm1ESt14default_deleteIN5torch5optim16OptimizerOptionsEELb1EEC2IS0_INS2_11AdamOptionsEEEEOT_
FNDA:1,_ZNSt10_Head_baseILm1ESt14default_deleteIN5torch5optim11AdamOptionsEELb1EE7_M_headERS5_
FNDA:2,_ZNSt10_Head_baseILm1ESt14default_deleteIN5torch5optim16OptimizerOptionsEELb1EE7_M_headERS5_
FNDA:0,_ZNSt10_Head_baseILm1ESt14default_deleteIN5torch5optim19OptimizerParamStateEELb1EE7_M_headERS5_
FNDA:1,_ZNSt5tupleIJPN5torch5optim11AdamOptionsESt14default_deleteIS2_EEEC2ILb1ELb1EEEv
FNDA:2,_ZNSt5tupleIJPN5torch5optim16OptimizerOptionsESt14default_deleteIS2_EEEC2ILb1ELb1EEEv
FNDA:1,_ZNSt5tupleIJPN5torch5optim16OptimizerOptionsESt14default_deleteIS2_EEEC2IRS3_S4_INS1_11AdamOptionsEELb1EEEOT_OT0_
FNDA:1,_ZNSt5tupleIJPN5torch5optim16OptimizerOptionsESt14default_deleteIS2_EEEC2EOS6_
FNDA:1,_ZNSt5tupleIJddEEC2EOS0_
FNDA:4,_ZSt12__get_helperILm0EPN5torch5optim11AdamOptionsEJSt14default_deleteIS2_EEERT0_RSt11_Tuple_implIXT_EJS6_DpT1_EE
FNDA:6,_ZSt12__get_helperILm0EPN5torch5optim16OptimizerOptionsEJSt14default_deleteIS2_EEERT0_RSt11_Tuple_implIXT_EJS6_DpT1_EE
FNDA:0,_ZSt12__get_helperILm0EPN5torch5optim19OptimizerParamStateEJSt14default_deleteIS2_EEERT0_RSt11_Tuple_implIXT_EJS6_DpT1_EE
FNDA:2,_ZSt12__get_helperILm0EdJdEERT0_RSt11_Tuple_implIXT_EJS0_DpT1_EE
FNDA:1,_ZSt12__get_helperILm1ESt14default_deleteIN5torch5optim11AdamOptionsEEJEERT0_RSt11_Tuple_implIXT_EJS5_DpT1_EE
FNDA:2,_ZSt12__get_helperILm1ESt14default_deleteIN5torch5optim16OptimizerOptionsEEJEERT0_RSt11_Tuple_implIXT_EJS5_DpT1_EE
FNDA:0,_ZSt12__get_helperILm1ESt14default_deleteIN5torch5optim19OptimizerParamStateEEJEERT0_RSt11_Tuple_implIXT_EJS5_DpT1_EE
FNDA:2,_ZSt12__get_helperILm1EdJEERT0_RSt11_Tuple_implIXT_EJS0_DpT1_EE
FNDA:4,_ZSt3getILm0EJPN5torch5optim11AdamOptionsESt14default_deleteIS2_EEERNSt13tuple_elementIXT_ESt5tupleIJDpT0_EEE4typeERSA_
FNDA:6,_ZSt3getILm0EJPN5torch5optim16OptimizerOptionsESt14default_deleteIS2_EEERNSt13tuple_elementIXT_ESt5tupleIJDpT0_EEE4typeERSA_
FNDA:0,_ZSt3getILm0EJPN5torch5optim19OptimizerParamStateESt14default_deleteIS2_EEERNSt13tuple_elementIXT_ESt5tupleIJDpT0_EEE4typeERSA_
FNDA:2,_ZSt3getILm0EJddEERNSt13tuple_elementIXT_ESt5tupleIJDpT0_EEE4typeERS4_
FNDA:1,_ZSt3getILm1EJPN5torch5optim11AdamOptionsESt14default_deleteIS2_EEERNSt13tuple_elementIXT_ESt5tupleIJDpT0_EEE4typeERSA_
FNDA:2,_ZSt3getILm1EJPN5torch5optim16OptimizerOptionsESt14default_deleteIS2_EEERNSt13tuple_elementIXT_ESt5tupleIJDpT0_EEE4typeERSA_
FNDA:0,_ZSt3getILm1EJPN5torch5optim19OptimizerParamStateESt14default_deleteIS2_EEERNSt13tuple_elementIXT_ESt5tupleIJDpT0_EEE4typeERSA_
FNDA:2,_ZSt3getILm1EJddEERNSt13tuple_elementIXT_ESt5tupleIJDpT0_EEE4typeERS4_
FNDA:1,_ZNSt10_Head_baseILm0EPN5torch5optim11AdamOptionsELb0EEC2Ev
FNDA:2,_ZNSt10_Head_baseILm0EPN5torch5optim16OptimizerOptionsELb0EEC2Ev
FNDA:1,_ZNSt10_Head_baseILm0EPN5torch5optim16OptimizerOptionsELb0EEC2IRS3_EEOT_
FNDA:4,_ZNSt10_Head_baseILm0EPN5torch5optim11AdamOptionsELb0EE7_M_headERS4_
FNDA:6,_ZNSt10_Head_baseILm0EPN5torch5optim16OptimizerOptionsELb0EE7_M_headERS4_
FNDA:0,_ZNSt10_Head_baseILm0EPN5torch5optim19OptimizerParamStateELb0EE7_M_headERS4_
FNDA:2,_ZNSt10_Head_baseILm0EdLb0EE7_M_headERS0_
FNDA:2,_ZNSt10_Head_baseILm1EdLb0EE7_M_headERS0_
FNDA:4,_ZNSt11_Tuple_implILm0EJPN5torch5optim11AdamOptionsESt14default_deleteIS2_EEE7_M_headERS6_
FNDA:6,_ZNSt11_Tuple_implILm0EJPN5torch5optim16OptimizerOptionsESt14default_deleteIS2_EEE7_M_headERS6_
FNDA:0,_ZNSt11_Tuple_implILm0EJPN5torch5optim19OptimizerParamStateESt14default_deleteIS2_EEE7_M_headERS6_
FNDA:2,_ZNSt11_Tuple_implILm0EJddEE7_M_headERS0_
FNDA:1,_ZNSt11_Tuple_implILm0EJPN5torch5optim11AdamOptionsESt14default_deleteIS2_EEEC2Ev
FNDA:2,_ZNSt11_Tuple_implILm0EJPN5torch5optim16OptimizerOptionsESt14default_deleteIS2_EEEC2Ev
FNDA:1,_ZNSt11_Tuple_implILm0EJPN5torch5optim16OptimizerOptionsESt14default_deleteIS2_EEEC2IRS3_JS4_INS1_11AdamOptionsEEEvEEOT_DpOT0_
FNDA:1,_ZNSt11_Tuple_implILm0EJPN5torch5optim16OptimizerOptionsESt14default_deleteIS2_EEEC2EOS6_
FNDA:1,_ZNSt11_Tuple_implILm0EJddEEC2EOS0_
FNDA:1,_ZNSt11_Tuple_implILm1EJSt14default_deleteIN5torch5optim11AdamOptionsEEEE7_M_headERS5_
FNDA:2,_ZNSt11_Tuple_implILm1EJSt14default_deleteIN5torch5optim16OptimizerOptionsEEEE7_M_headERS5_
FNDA:0,_ZNSt11_Tuple_implILm1EJSt14default_deleteIN5torch5optim19OptimizerParamStateEEEE7_M_headERS5_
FNDA:2,_ZNSt11_Tuple_implILm1EJdEE7_M_headERS0_
FNDA:1,_ZNSt11_Tuple_implILm1EJSt14default_deleteIN5torch5optim11AdamOptionsEEEEC2Ev
FNDA:2,_ZNSt11_Tuple_implILm1EJSt14default_deleteIN5torch5optim16OptimizerOptionsEEEEC2Ev
FNDA:1,_ZNSt11_Tuple_implILm1EJSt14default_deleteIN5torch5optim16OptimizerOptionsEEEEC2IS0_INS2_11AdamOptionsEEEEOT_
FNDA:1,_ZNSt11_Tuple_implILm1EJSt14default_deleteIN5torch5optim16OptimizerOptionsEEEEC2EOS5_
FNDA:1,_ZNSt11_Tuple_implILm1EJdEEC2EOS0_
FNDA:1,_ZNSt10_Head_baseILm1ESt14default_deleteIN5torch5optim11AdamOptionsEELb1EEC2Ev
FNDA:2,_ZNSt10_Head_baseILm1ESt14default_deleteIN5torch5optim16OptimizerOptionsEELb1EEC2Ev
FNDA:1,_ZNSt10_Head_baseILm1ESt14default_deleteIN5torch5optim16OptimizerOptionsEELb1EEC2IS0_INS2_11AdamOptionsEEEEOT_
FNF:53
FNH:45
DA:81,3
DA:82,3
DA:91,1
DA:92,1
DA:125,3
DA:190,3
DA:191,3
DA:200,1
DA:201,1
DA:234,14
DA:269,12
DA:280,3
DA:281,3
DA:291,1
DA:293,1
DA:294,1
DA:302,2
DA:497,5
DA:503,3
DA:504,3
DA:513,1
DA:514,1
DA:515,1
DA:527,2
DA:529,1
DA:530,2
DA:1317,3
DA:1319,3
DA:1345,1
DA:1347,1
DA:1358,2
DA:1787,17
DA:1788,17
DA:1803,17
DA:1804,17
LF:35
LH:35
end_of_record
TN:
SF:/usr/include/c++/13/typeinfo
FN:103,104,_ZNKSt9type_info4nameEv
FN:193,210,_ZNKSt9type_infoeqERKS_
FNDA:0,_ZNKSt9type_info4nameEv
FNDA:0,_ZNKSt9type_infoeqERKS_
FNF:2
FNH:0
DA:103,0
DA:104,0
DA:193,0
DA:195,0
DA:196,0
DA:198,0
DA:199,0
DA:206,0
LF:8
LH:0
end_of_record
TN:
SF:/usr/include/x86_64-linux-gnu/c++/13/bits/c++config.h
FN:540,551,_ZSt23__is_constant_evaluatedv
FNDA:112279,_ZSt23__is_constant_evaluatedv
FNF:1
FNH:1
DA:540,112279
DA:547,112279
LF:2
LH:2
end_of_record
